{"/home/travis/build/npmtest/node-npmtest-qunit/test.js":{"path":"/home/travis/build/npmtest/node-npmtest-qunit/test.js","s":{"1":2,"2":2,"3":2,"4":2,"5":2,"6":2,"7":2,"8":1,"9":2,"10":2,"11":1,"12":1,"13":1,"14":1,"15":2,"16":2,"17":2,"18":2,"19":1,"20":1,"21":2,"22":2,"23":2,"24":1,"25":1,"26":1,"27":1,"28":1,"29":1,"30":1,"31":1,"32":1,"33":1,"34":1,"35":1,"36":1,"37":1,"38":1,"39":2,"40":2,"41":1,"42":2,"43":2,"44":1,"45":2,"46":2,"47":1,"48":2,"49":2,"50":1,"51":1,"52":1,"53":1,"54":1},"b":{"1":[2,1,1,1],"2":[1,1,1,1],"3":[1,1],"4":[1,1],"5":[1,1],"6":[1,1],"7":[1,1],"8":[1,1],"9":[1,1],"10":[1,1,1],"11":[1,1],"12":[1,1],"13":[1,1],"14":[1,1],"15":[1,1],"16":[1,1],"17":[1,1]},"f":{"1":2,"2":2,"3":2,"4":2,"5":2,"6":1,"7":1,"8":1,"9":2,"10":2,"11":2,"12":2,"13":1},"fnMap":{"1":{"name":"(anonymous_1)","line":12,"loc":{"start":{"line":12,"column":1},"end":{"line":12,"column":13}}},"2":{"name":"(anonymous_2)","line":19,"loc":{"start":{"line":19,"column":5},"end":{"line":19,"column":17}}},"3":{"name":"(anonymous_3)","line":23,"loc":{"start":{"line":23,"column":24},"end":{"line":23,"column":36}}},"4":{"name":"(anonymous_4)","line":61,"loc":{"start":{"line":61,"column":5},"end":{"line":61,"column":17}}},"5":{"name":"(anonymous_5)","line":82,"loc":{"start":{"line":82,"column":5},"end":{"line":82,"column":17}}},"6":{"name":"(anonymous_6)","line":91,"loc":{"start":{"line":91,"column":77},"end":{"line":94,"column":10}}},"7":{"name":"(anonymous_7)","line":112,"loc":{"start":{"line":112,"column":83},"end":{"line":115,"column":10}},"skip":true},"8":{"name":"(anonymous_8)","line":123,"loc":{"start":{"line":123,"column":77},"end":{"line":126,"column":10}},"skip":true},"9":{"name":"(anonymous_9)","line":139,"loc":{"start":{"line":139,"column":12},"end":{"line":139,"column":40}},"skip":true},"10":{"name":"(anonymous_10)","line":147,"loc":{"start":{"line":147,"column":77},"end":{"line":150,"column":10}},"skip":true},"11":{"name":"(anonymous_11)","line":158,"loc":{"start":{"line":158,"column":83},"end":{"line":161,"column":10}},"skip":true},"12":{"name":"(anonymous_12)","line":169,"loc":{"start":{"line":169,"column":79},"end":{"line":172,"column":10}},"skip":true},"13":{"name":"(anonymous_13)","line":180,"loc":{"start":{"line":180,"column":75},"end":{"line":183,"column":10}},"skip":true}},"statementMap":{"1":{"start":{"line":12,"column":0},"end":{"line":195,"column":5}},"2":{"start":{"line":14,"column":4},"end":{"line":14,"column":14}},"3":{"start":{"line":19,"column":4},"end":{"line":56,"column":9}},"4":{"start":{"line":21,"column":8},"end":{"line":21,"column":19}},"5":{"start":{"line":23,"column":8},"end":{"line":35,"column":13}},"6":{"start":{"line":24,"column":12},"end":{"line":34,"column":13}},"7":{"start":{"line":25,"column":16},"end":{"line":28,"column":30}},"8":{"start":{"line":30,"column":16},"end":{"line":33,"column":27}},"9":{"start":{"line":37,"column":8},"end":{"line":39,"column":21}},"10":{"start":{"line":40,"column":8},"end":{"line":53,"column":9}},"11":{"start":{"line":43,"column":12},"end":{"line":46,"column":14}},"12":{"start":{"line":47,"column":12},"end":{"line":47,"column":18}},"13":{"start":{"line":50,"column":12},"end":{"line":51,"column":33}},"14":{"start":{"line":52,"column":12},"end":{"line":52,"column":18}},"15":{"start":{"line":55,"column":8},"end":{"line":55,"column":35}},"16":{"start":{"line":61,"column":4},"end":{"line":63,"column":9}},"17":{"start":{"line":62,"column":8},"end":{"line":62,"column":15}},"18":{"start":{"line":64,"column":4},"end":{"line":77,"column":5}},"19":{"start":{"line":70,"column":8},"end":{"line":70,"column":14}},"20":{"start":{"line":76,"column":8},"end":{"line":76,"column":14}},"21":{"start":{"line":82,"column":4},"end":{"line":84,"column":9}},"22":{"start":{"line":83,"column":8},"end":{"line":83,"column":15}},"23":{"start":{"line":85,"column":4},"end":{"line":194,"column":5}},"24":{"start":{"line":91,"column":8},"end":{"line":99,"column":10}},"25":{"start":{"line":98,"column":12},"end":{"line":98,"column":35}},"26":{"start":{"line":102,"column":8},"end":{"line":104,"column":63}},"27":{"start":{"line":105,"column":8},"end":{"line":105,"column":14}},"28":{"start":{"line":112,"column":8},"end":{"line":121,"column":10},"skip":true},"29":{"start":{"line":119,"column":12},"end":{"line":119,"column":55},"skip":true},"30":{"start":{"line":120,"column":12},"end":{"line":120,"column":48},"skip":true},"31":{"start":{"line":123,"column":8},"end":{"line":136,"column":10},"skip":true},"32":{"start":{"line":130,"column":12},"end":{"line":130,"column":76},"skip":true},"33":{"start":{"line":131,"column":12},"end":{"line":131,"column":73},"skip":true},"34":{"start":{"line":132,"column":12},"end":{"line":132,"column":74},"skip":true},"35":{"start":{"line":133,"column":12},"end":{"line":133,"column":79},"skip":true},"36":{"start":{"line":134,"column":12},"end":{"line":134,"column":25},"skip":true},"37":{"start":{"line":135,"column":12},"end":{"line":135,"column":45},"skip":true},"38":{"start":{"line":138,"column":8},"end":{"line":145,"column":14},"skip":true},"39":{"start":{"line":143,"column":16},"end":{"line":143,"column":29},"skip":true},"40":{"start":{"line":144,"column":16},"end":{"line":144,"column":55},"skip":true},"41":{"start":{"line":147,"column":8},"end":{"line":156,"column":10},"skip":true},"42":{"start":{"line":154,"column":12},"end":{"line":154,"column":25},"skip":true},"43":{"start":{"line":155,"column":12},"end":{"line":155,"column":45},"skip":true},"44":{"start":{"line":158,"column":8},"end":{"line":167,"column":10},"skip":true},"45":{"start":{"line":165,"column":12},"end":{"line":165,"column":25},"skip":true},"46":{"start":{"line":166,"column":12},"end":{"line":166,"column":48},"skip":true},"47":{"start":{"line":169,"column":8},"end":{"line":178,"column":10},"skip":true},"48":{"start":{"line":176,"column":12},"end":{"line":176,"column":25},"skip":true},"49":{"start":{"line":177,"column":12},"end":{"line":177,"column":46},"skip":true},"50":{"start":{"line":180,"column":8},"end":{"line":189,"column":10},"skip":true},"51":{"start":{"line":187,"column":12},"end":{"line":187,"column":94},"skip":true},"52":{"start":{"line":188,"column":12},"end":{"line":188,"column":48},"skip":true},"53":{"start":{"line":192,"column":8},"end":{"line":192,"column":35},"skip":true},"54":{"start":{"line":193,"column":8},"end":{"line":193,"column":14},"skip":true}},"branchMap":{"1":{"line":25,"type":"binary-expr","locations":[{"start":{"line":25,"column":23},"end":{"line":25,"column":62}},{"start":{"line":26,"column":20},"end":{"line":26,"column":70}},{"start":{"line":27,"column":20},"end":{"line":27,"column":71}},{"start":{"line":28,"column":20},"end":{"line":28,"column":29}}]},"2":{"line":30,"type":"binary-expr","locations":[{"start":{"line":30,"column":23},"end":{"line":30,"column":37}},{"start":{"line":31,"column":20},"end":{"line":31,"column":61}},{"start":{"line":32,"column":20},"end":{"line":32,"column":70}},{"start":{"line":33,"column":20},"end":{"line":33,"column":26}}]},"3":{"line":37,"type":"cond-expr","locations":[{"start":{"line":38,"column":14},"end":{"line":38,"column":20}},{"start":{"line":39,"column":14},"end":{"line":39,"column":20}}]},"4":{"line":40,"type":"switch","locations":[{"start":{"line":42,"column":8},"end":{"line":47,"column":18}},{"start":{"line":49,"column":8},"end":{"line":52,"column":18}}]},"5":{"line":44,"type":"binary-expr","locations":[{"start":{"line":44,"column":16},"end":{"line":44,"column":44}},{"start":{"line":44,"column":48},"end":{"line":44,"column":66}}]},"6":{"line":50,"type":"binary-expr","locations":[{"start":{"line":50,"column":21},"end":{"line":50,"column":49}},{"start":{"line":50,"column":53},"end":{"line":50,"column":72}}]},"7":{"line":64,"type":"switch","locations":[{"start":{"line":69,"column":4},"end":{"line":70,"column":14}},{"start":{"line":75,"column":4},"end":{"line":76,"column":14}}]},"8":{"line":85,"type":"switch","locations":[{"start":{"line":90,"column":4},"end":{"line":105,"column":14}},{"start":{"line":111,"column":4},"end":{"line":193,"column":14},"skip":true}]},"9":{"line":91,"type":"binary-expr","locations":[{"start":{"line":91,"column":42},"end":{"line":91,"column":73}},{"start":{"line":91,"column":77},"end":{"line":99,"column":9}}]},"10":{"line":102,"type":"binary-expr","locations":[{"start":{"line":102,"column":18},"end":{"line":102,"column":32}},{"start":{"line":103,"column":12},"end":{"line":103,"column":53}},{"start":{"line":104,"column":12},"end":{"line":104,"column":61}}]},"11":{"line":112,"type":"binary-expr","locations":[{"start":{"line":112,"column":45},"end":{"line":112,"column":79},"skip":true},{"start":{"line":112,"column":83},"end":{"line":121,"column":9},"skip":true}]},"12":{"line":123,"type":"binary-expr","locations":[{"start":{"line":123,"column":42},"end":{"line":123,"column":73},"skip":true},{"start":{"line":123,"column":77},"end":{"line":136,"column":9},"skip":true}]},"13":{"line":138,"type":"binary-expr","locations":[{"start":{"line":138,"column":48},"end":{"line":138,"column":85},"skip":true},{"start":{"line":139,"column":12},"end":{"line":145,"column":13},"skip":true}]},"14":{"line":147,"type":"binary-expr","locations":[{"start":{"line":147,"column":42},"end":{"line":147,"column":73},"skip":true},{"start":{"line":147,"column":77},"end":{"line":156,"column":9},"skip":true}]},"15":{"line":158,"type":"binary-expr","locations":[{"start":{"line":158,"column":45},"end":{"line":158,"column":79},"skip":true},{"start":{"line":158,"column":83},"end":{"line":167,"column":9},"skip":true}]},"16":{"line":169,"type":"binary-expr","locations":[{"start":{"line":169,"column":43},"end":{"line":169,"column":75},"skip":true},{"start":{"line":169,"column":79},"end":{"line":178,"column":9},"skip":true}]},"17":{"line":180,"type":"binary-expr","locations":[{"start":{"line":180,"column":41},"end":{"line":180,"column":71},"skip":true},{"start":{"line":180,"column":75},"end":{"line":189,"column":9},"skip":true}]}},"code":["/* istanbul instrument in package npmtest_qunit */","/*jslint","    bitwise: true,","    browser: true,","    maxerr: 8,","    maxlen: 96,","    node: true,","    nomen: true,","    regexp: true,","    stupid: true","*/","(function () {","    'use strict';","    var local;","","","","    // run shared js-env code - init-before","    (function () {","        // init local","        local = {};","        // init modeJs","        local.modeJs = (function () {","            try {","                return typeof navigator.userAgent === 'string' &&","                    typeof document.querySelector('body') === 'object' &&","                    typeof XMLHttpRequest.prototype.open === 'function' &&","                    'browser';","            } catch (errorCaughtBrowser) {","                return module.exports &&","                    typeof process.versions.node === 'string' &&","                    typeof require('http').createServer === 'function' &&","                    'node';","            }","        }());","        // init global","        local.global = local.modeJs === 'browser'","            ? window","            : global;","        switch (local.modeJs) {","        // re-init local from window.local","        case 'browser':","            local = local.global.utility2.objectSetDefault(","                local.global.utility2_rollup || local.global.local,","                local.global.utility2","            );","            break;","        // re-init local from example.js","        case 'node':","            local = (local.global.utility2_rollup || require('utility2'))","                .requireReadme();","            break;","        }","        // export local","        local.global.local = local;","    }());","","","","    // run shared js-env code - function","    (function () {","        return;","    }());","    switch (local.modeJs) {","","","","    // run browser js-env code - function","    case 'browser':","        break;","","","","    // run node js-env code - function","    case 'node':","        break;","    }","","","","    // run shared js-env code - init-after","    (function () {","        return;","    }());","    switch (local.modeJs) {","","","","    // run browser js-env code - init-after","    case 'browser':","        local.testCase_browser_nullCase = local.testCase_browser_nullCase || function (","            options,","            onError","        ) {","        /*","         * this function will test browsers's null-case handling-behavior-behavior","         */","            onError(null, options);","        };","","        // run tests","        local.nop(local.modeTest &&","            document.querySelector('#testRunButton1') &&","            document.querySelector('#testRunButton1').click());","        break;","","","","    // run node js-env code - init-after","    /* istanbul ignore next */","    case 'node':","        local.testCase_buildApidoc_default = local.testCase_buildApidoc_default || function (","            options,","            onError","        ) {","        /*","         * this function will test buildApidoc's default handling-behavior-behavior","         */","            options = { modulePathList: module.paths };","            local.buildApidoc(options, onError);","        };","","        local.testCase_buildApp_default = local.testCase_buildApp_default || function (","            options,","            onError","        ) {","        /*","         * this function will test buildApp's default handling-behavior-behavior","         */","            local.testCase_buildReadme_default(options, local.onErrorThrow);","            local.testCase_buildLib_default(options, local.onErrorThrow);","            local.testCase_buildTest_default(options, local.onErrorThrow);","            local.testCase_buildCustomOrg_default(options, local.onErrorThrow);","            options = [];","            local.buildApp(options, onError);","        };","","        local.testCase_buildCustomOrg_default = local.testCase_buildCustomOrg_default ||","            function (options, onError) {","            /*","             * this function will test buildCustomOrg's default handling-behavior","             */","                options = {};","                local.buildCustomOrg(options, onError);","            };","","        local.testCase_buildLib_default = local.testCase_buildLib_default || function (","            options,","            onError","        ) {","        /*","         * this function will test buildLib's default handling-behavior","         */","            options = {};","            local.buildLib(options, onError);","        };","","        local.testCase_buildReadme_default = local.testCase_buildReadme_default || function (","            options,","            onError","        ) {","        /*","         * this function will test buildReadme's default handling-behavior-behavior","         */","            options = {};","            local.buildReadme(options, onError);","        };","","        local.testCase_buildTest_default = local.testCase_buildTest_default || function (","            options,","            onError","        ) {","        /*","         * this function will test buildTest's default handling-behavior","         */","            options = {};","            local.buildTest(options, onError);","        };","","        local.testCase_webpage_default = local.testCase_webpage_default || function (","            options,","            onError","        ) {","        /*","         * this function will test webpage's default handling-behavior","         */","            options = { modeCoverageMerge: true, url: local.serverLocalHost + '?modeTest=1' };","            local.browserTest(options, onError);","        };","","        // run test-server","        local.testRunServer(local);","        break;","    }","}());",""],"l":{"12":2,"14":2,"19":2,"21":2,"23":2,"24":2,"25":2,"30":1,"37":2,"40":2,"43":1,"47":1,"50":1,"52":1,"55":2,"61":2,"62":2,"64":2,"70":1,"76":1,"82":2,"83":2,"85":2,"91":1,"98":1,"102":1,"105":1,"112":1,"119":1,"120":1,"123":1,"130":1,"131":1,"132":1,"133":1,"134":1,"135":1,"138":1,"143":2,"144":2,"147":1,"154":2,"155":2,"158":1,"165":2,"166":2,"169":1,"176":2,"177":2,"180":1,"187":1,"188":1,"192":1,"193":1}},"/home/travis/build/npmtest/node-npmtest-qunit/lib.npmtest_qunit.js":{"path":"/home/travis/build/npmtest/node-npmtest-qunit/lib.npmtest_qunit.js","s":{"1":2,"2":2,"3":2,"4":2,"5":2,"6":2,"7":2,"8":1,"9":2,"10":2,"11":2,"12":2,"13":1,"14":1,"15":1,"16":1},"b":{"1":[2,1,1,1],"2":[1,1,1,1],"3":[1,1],"4":[2,2],"5":[1,1]},"f":{"1":2,"2":2,"3":2},"fnMap":{"1":{"name":"(anonymous_1)","line":12,"loc":{"start":{"line":12,"column":1},"end":{"line":12,"column":13}}},"2":{"name":"(anonymous_2)","line":19,"loc":{"start":{"line":19,"column":5},"end":{"line":19,"column":17}}},"3":{"name":"(anonymous_3)","line":23,"loc":{"start":{"line":23,"column":24},"end":{"line":23,"column":36}}}},"statementMap":{"1":{"start":{"line":12,"column":0},"end":{"line":53,"column":5}},"2":{"start":{"line":14,"column":4},"end":{"line":14,"column":14}},"3":{"start":{"line":19,"column":4},"end":{"line":52,"column":9}},"4":{"start":{"line":21,"column":8},"end":{"line":21,"column":19}},"5":{"start":{"line":23,"column":8},"end":{"line":35,"column":13}},"6":{"start":{"line":24,"column":12},"end":{"line":34,"column":13}},"7":{"start":{"line":25,"column":16},"end":{"line":28,"column":30}},"8":{"start":{"line":30,"column":16},"end":{"line":33,"column":27}},"9":{"start":{"line":37,"column":8},"end":{"line":39,"column":21}},"10":{"start":{"line":41,"column":8},"end":{"line":41,"column":54}},"11":{"start":{"line":43,"column":8},"end":{"line":43,"column":50}},"12":{"start":{"line":45,"column":8},"end":{"line":51,"column":9}},"13":{"start":{"line":46,"column":12},"end":{"line":46,"column":56}},"14":{"start":{"line":48,"column":12},"end":{"line":48,"column":35}},"15":{"start":{"line":49,"column":12},"end":{"line":49,"column":49}},"16":{"start":{"line":50,"column":12},"end":{"line":50,"column":43}}},"branchMap":{"1":{"line":25,"type":"binary-expr","locations":[{"start":{"line":25,"column":23},"end":{"line":25,"column":62}},{"start":{"line":26,"column":20},"end":{"line":26,"column":70}},{"start":{"line":27,"column":20},"end":{"line":27,"column":71}},{"start":{"line":28,"column":20},"end":{"line":28,"column":29}}]},"2":{"line":30,"type":"binary-expr","locations":[{"start":{"line":30,"column":23},"end":{"line":30,"column":37}},{"start":{"line":31,"column":20},"end":{"line":31,"column":61}},{"start":{"line":32,"column":20},"end":{"line":32,"column":70}},{"start":{"line":33,"column":20},"end":{"line":33,"column":26}}]},"3":{"line":37,"type":"cond-expr","locations":[{"start":{"line":38,"column":14},"end":{"line":38,"column":20}},{"start":{"line":39,"column":14},"end":{"line":39,"column":20}}]},"4":{"line":41,"type":"binary-expr","locations":[{"start":{"line":41,"column":16},"end":{"line":41,"column":44}},{"start":{"line":41,"column":48},"end":{"line":41,"column":53}}]},"5":{"line":45,"type":"if","locations":[{"start":{"line":45,"column":8},"end":{"line":45,"column":8}},{"start":{"line":45,"column":8},"end":{"line":45,"column":8}}]}},"code":["/* istanbul instrument in package npmtest_qunit */","/*jslint","    bitwise: true,","    browser: true,","    maxerr: 8,","    maxlen: 96,","    node: true,","    nomen: true,","    regexp: true,","    stupid: true","*/","(function () {","    'use strict';","    var local;","","","","    // run shared js-env code - init-before","    (function () {","        // init local","        local = {};","        // init modeJs","        local.modeJs = (function () {","            try {","                return typeof navigator.userAgent === 'string' &&","                    typeof document.querySelector('body') === 'object' &&","                    typeof XMLHttpRequest.prototype.open === 'function' &&","                    'browser';","            } catch (errorCaughtBrowser) {","                return module.exports &&","                    typeof process.versions.node === 'string' &&","                    typeof require('http').createServer === 'function' &&","                    'node';","            }","        }());","        // init global","        local.global = local.modeJs === 'browser'","            ? window","            : global;","        // init utility2_rollup","        local = local.global.utility2_rollup || local;","        // init lib","        local.local = local.npmtest_qunit = local;","        // init exports","        if (local.modeJs === 'browser') {","            local.global.utility2_npmtest_qunit = local;","        } else {","            module.exports = local;","            module.exports.__dirname = __dirname;","            module.exports.module = module;","        }","    }());","}());",""],"l":{"12":2,"14":2,"19":2,"21":2,"23":2,"24":2,"25":2,"30":1,"37":2,"41":2,"43":2,"45":2,"46":1,"48":1,"49":1,"50":1}},"/home/travis/build/npmtest/node-npmtest-qunit/example.js":{"path":"/home/travis/build/npmtest/node-npmtest-qunit/example.js","s":{"1":2,"2":2,"3":2,"4":2,"5":2,"6":2,"7":2,"8":1,"9":2,"10":2,"11":2,"12":2,"13":1,"14":2,"15":2,"16":2,"17":2,"18":2,"19":0,"20":2,"21":1,"22":1,"23":1,"24":1,"25":1,"26":0,"27":0,"28":1,"29":1,"30":2,"31":0,"32":0,"33":0,"34":1,"35":2,"36":2,"37":3,"38":3,"39":3,"40":3,"41":0,"42":3,"43":3,"44":3,"45":1,"46":3,"47":1,"48":1,"49":1,"50":1,"51":1,"52":1,"53":1,"54":1,"55":1,"56":1,"57":0,"58":1,"59":6,"60":6,"61":1,"62":2,"63":0,"64":2,"65":1,"66":1,"67":0,"68":0,"69":0,"70":0,"71":0,"72":0,"73":0,"74":0,"75":0,"76":0,"77":0,"78":0,"79":0,"80":0,"81":0,"82":0,"83":0},"b":{"1":[2,1,1,1],"2":[1,1,1,1],"3":[1,1],"4":[2,2],"5":[1,1],"6":[1,1],"7":[2,0],"8":[2,1,1,1,1,1],"9":[0,2,0],"10":[1,1],"11":[2,1,1],"12":[1,0],"13":[0,2],"14":[2,0,0,0,0,0,0],"15":[0,3],"16":[3,0],"17":[1,1],"18":[0,1],"19":[1,2,0,2],"20":[1,0],"21":[1,1],"22":[0,0],"23":[0,0],"24":[0,0],"25":[0,0],"26":[0,0],"27":[0,0],"28":[0,0]},"f":{"1":2,"2":2,"3":2,"4":2,"5":2,"6":2,"7":3,"8":3,"9":3,"10":1,"11":6,"12":0},"fnMap":{"1":{"name":"(anonymous_1)","line":26,"loc":{"start":{"line":26,"column":1},"end":{"line":26,"column":13}}},"2":{"name":"(anonymous_2)","line":33,"loc":{"start":{"line":33,"column":5},"end":{"line":33,"column":17}}},"3":{"name":"(anonymous_3)","line":37,"loc":{"start":{"line":37,"column":24},"end":{"line":37,"column":36}}},"4":{"name":"(anonymous_4)","line":69,"loc":{"start":{"line":69,"column":31},"end":{"line":69,"column":48}},"skip":true},"5":{"name":"(anonymous_5)","line":78,"loc":{"start":{"line":78,"column":26},"end":{"line":78,"column":45}},"skip":true},"6":{"name":"(anonymous_6)","line":123,"loc":{"start":{"line":123,"column":33},"end":{"line":123,"column":48}},"skip":true},"7":{"name":"(anonymous_7)","line":125,"loc":{"start":{"line":125,"column":27},"end":{"line":125,"column":39}},"skip":true},"8":{"name":"(anonymous_8)","line":133,"loc":{"start":{"line":133,"column":59},"end":{"line":133,"column":74}},"skip":true},"9":{"name":"(anonymous_9)","line":143,"loc":{"start":{"line":143,"column":45},"end":{"line":143,"column":62}},"skip":true},"10":{"name":"(anonymous_10)","line":144,"loc":{"start":{"line":144,"column":73},"end":{"line":144,"column":92}},"skip":true},"11":{"name":"(anonymous_11)","line":272,"loc":{"start":{"line":272,"column":51},"end":{"line":272,"column":77}},"skip":true},"12":{"name":"(anonymous_12)","line":315,"loc":{"start":{"line":315,"column":32},"end":{"line":315,"column":61}},"skip":true}},"statementMap":{"1":{"start":{"line":26,"column":0},"end":{"line":326,"column":5}},"2":{"start":{"line":28,"column":4},"end":{"line":28,"column":14}},"3":{"start":{"line":33,"column":4},"end":{"line":60,"column":9}},"4":{"start":{"line":35,"column":8},"end":{"line":35,"column":19}},"5":{"start":{"line":37,"column":8},"end":{"line":49,"column":13}},"6":{"start":{"line":38,"column":12},"end":{"line":48,"column":13}},"7":{"start":{"line":39,"column":16},"end":{"line":42,"column":30}},"8":{"start":{"line":44,"column":16},"end":{"line":47,"column":27}},"9":{"start":{"line":51,"column":8},"end":{"line":53,"column":21}},"10":{"start":{"line":55,"column":8},"end":{"line":57,"column":45}},"11":{"start":{"line":59,"column":8},"end":{"line":59,"column":35}},"12":{"start":{"line":61,"column":4},"end":{"line":325,"column":5}},"13":{"start":{"line":69,"column":8},"end":{"line":121,"column":10},"skip":true},"14":{"start":{"line":70,"column":12},"end":{"line":88,"column":13},"skip":true},"15":{"start":{"line":76,"column":16},"end":{"line":87,"column":19},"skip":true},"16":{"start":{"line":79,"column":20},"end":{"line":86,"column":21},"skip":true},"17":{"start":{"line":82,"column":24},"end":{"line":82,"column":43},"skip":true},"18":{"start":{"line":83,"column":24},"end":{"line":83,"column":30},"skip":true},"19":{"start":{"line":85,"column":24},"end":{"line":85,"column":49},"skip":true},"20":{"start":{"line":89,"column":12},"end":{"line":107,"column":13},"skip":true},"21":{"start":{"line":92,"column":16},"end":{"line":102,"column":17},"skip":true},"22":{"start":{"line":93,"column":20},"end":{"line":93,"column":86},"skip":true},"23":{"start":{"line":94,"column":20},"end":{"line":95,"column":45},"skip":true},"24":{"start":{"line":96,"column":20},"end":{"line":96,"column":42},"skip":true},"25":{"start":{"line":97,"column":20},"end":{"line":97,"column":48},"skip":true},"26":{"start":{"line":100,"column":20},"end":{"line":100,"column":85},"skip":true},"27":{"start":{"line":101,"column":20},"end":{"line":101,"column":96},"skip":true},"28":{"start":{"line":103,"column":16},"end":{"line":103,"column":22},"skip":true},"29":{"start":{"line":106,"column":16},"end":{"line":106,"column":22},"skip":true},"30":{"start":{"line":108,"column":12},"end":{"line":120,"column":13},"skip":true},"31":{"start":{"line":114,"column":16},"end":{"line":119,"column":17},"skip":true},"32":{"start":{"line":116,"column":20},"end":{"line":116,"column":78},"skip":true},"33":{"start":{"line":118,"column":20},"end":{"line":118,"column":47},"skip":true},"34":{"start":{"line":123,"column":8},"end":{"line":141,"column":11},"skip":true},"35":{"start":{"line":124,"column":12},"end":{"line":124,"column":54},"skip":true},"36":{"start":{"line":125,"column":12},"end":{"line":140,"column":14},"skip":true},"37":{"start":{"line":126,"column":16},"end":{"line":126,"column":28},"skip":true},"38":{"start":{"line":127,"column":16},"end":{"line":127,"column":69},"skip":true},"39":{"start":{"line":128,"column":16},"end":{"line":128,"column":75},"skip":true},"40":{"start":{"line":129,"column":16},"end":{"line":131,"column":17},"skip":true},"41":{"start":{"line":130,"column":20},"end":{"line":130,"column":27},"skip":true},"42":{"start":{"line":133,"column":16},"end":{"line":137,"column":36},"skip":true},"43":{"start":{"line":134,"column":20},"end":{"line":136,"column":55},"skip":true},"44":{"start":{"line":139,"column":16},"end":{"line":139,"column":57},"skip":true},"45":{"start":{"line":143,"column":8},"end":{"line":147,"column":11},"skip":true},"46":{"start":{"line":144,"column":12},"end":{"line":146,"column":15},"skip":true},"47":{"start":{"line":145,"column":16},"end":{"line":145,"column":70},"skip":true},"48":{"start":{"line":149,"column":8},"end":{"line":149,"column":31},"skip":true},"49":{"start":{"line":150,"column":8},"end":{"line":150,"column":14},"skip":true},"50":{"start":{"line":158,"column":8},"end":{"line":158,"column":31},"skip":true},"51":{"start":{"line":160,"column":8},"end":{"line":160,"column":33},"skip":true},"52":{"start":{"line":161,"column":8},"end":{"line":161,"column":37},"skip":true},"53":{"start":{"line":162,"column":8},"end":{"line":162,"column":35},"skip":true},"54":{"start":{"line":164,"column":8},"end":{"line":164,"column":50},"skip":true},"55":{"start":{"line":166,"column":8},"end":{"line":256,"column":2},"skip":true},"56":{"start":{"line":258,"column":8},"end":{"line":286,"column":9},"skip":true},"57":{"start":{"line":259,"column":12},"end":{"line":269,"column":14},"skip":true},"58":{"start":{"line":271,"column":12},"end":{"line":285,"column":19},"skip":true},"59":{"start":{"line":274,"column":20},"end":{"line":274,"column":35},"skip":true},"60":{"start":{"line":275,"column":20},"end":{"line":284,"column":21},"skip":true},"61":{"start":{"line":277,"column":24},"end":{"line":277,"column":64},"skip":true},"62":{"start":{"line":279,"column":24},"end":{"line":279,"column":40},"skip":true},"63":{"start":{"line":281,"column":24},"end":{"line":281,"column":40},"skip":true},"64":{"start":{"line":283,"column":24},"end":{"line":283,"column":39},"skip":true},"65":{"start":{"line":288,"column":8},"end":{"line":290,"column":9},"skip":true},"66":{"start":{"line":289,"column":12},"end":{"line":289,"column":18},"skip":true},"67":{"start":{"line":291,"column":8},"end":{"line":293,"column":54},"skip":true},"68":{"start":{"line":296,"column":8},"end":{"line":301,"column":37},"skip":true},"69":{"start":{"line":303,"column":8},"end":{"line":303,"column":82},"skip":true},"70":{"start":{"line":306,"column":8},"end":{"line":308,"column":9},"skip":true},"71":{"start":{"line":307,"column":12},"end":{"line":307,"column":82},"skip":true},"72":{"start":{"line":310,"column":8},"end":{"line":312,"column":9},"skip":true},"73":{"start":{"line":311,"column":12},"end":{"line":311,"column":18},"skip":true},"74":{"start":{"line":313,"column":8},"end":{"line":313,"column":54},"skip":true},"75":{"start":{"line":314,"column":8},"end":{"line":314,"column":69},"skip":true},"76":{"start":{"line":315,"column":8},"end":{"line":323,"column":36},"skip":true},"77":{"start":{"line":316,"column":12},"end":{"line":316,"column":61},"skip":true},"78":{"start":{"line":317,"column":12},"end":{"line":320,"column":13},"skip":true},"79":{"start":{"line":318,"column":16},"end":{"line":318,"column":75},"skip":true},"80":{"start":{"line":319,"column":16},"end":{"line":319,"column":23},"skip":true},"81":{"start":{"line":321,"column":12},"end":{"line":321,"column":38},"skip":true},"82":{"start":{"line":322,"column":12},"end":{"line":322,"column":27},"skip":true},"83":{"start":{"line":324,"column":8},"end":{"line":324,"column":14},"skip":true}},"branchMap":{"1":{"line":39,"type":"binary-expr","locations":[{"start":{"line":39,"column":23},"end":{"line":39,"column":62}},{"start":{"line":40,"column":20},"end":{"line":40,"column":70}},{"start":{"line":41,"column":20},"end":{"line":41,"column":71}},{"start":{"line":42,"column":20},"end":{"line":42,"column":29}}]},"2":{"line":44,"type":"binary-expr","locations":[{"start":{"line":44,"column":23},"end":{"line":44,"column":37}},{"start":{"line":45,"column":20},"end":{"line":45,"column":61}},{"start":{"line":46,"column":20},"end":{"line":46,"column":70}},{"start":{"line":47,"column":20},"end":{"line":47,"column":26}}]},"3":{"line":51,"type":"cond-expr","locations":[{"start":{"line":52,"column":14},"end":{"line":52,"column":20}},{"start":{"line":53,"column":14},"end":{"line":53,"column":20}}]},"4":{"line":55,"type":"binary-expr","locations":[{"start":{"line":55,"column":16},"end":{"line":55,"column":44}},{"start":{"line":55,"column":49},"end":{"line":57,"column":43}}]},"5":{"line":55,"type":"cond-expr","locations":[{"start":{"line":56,"column":14},"end":{"line":56,"column":49}},{"start":{"line":57,"column":14},"end":{"line":57,"column":43}}]},"6":{"line":61,"type":"switch","locations":[{"start":{"line":68,"column":4},"end":{"line":150,"column":14},"skip":true},{"start":{"line":156,"column":4},"end":{"line":324,"column":14},"skip":true}]},"7":{"line":70,"type":"if","locations":[{"start":{"line":70,"column":12},"end":{"line":70,"column":12},"skip":true},{"start":{"line":70,"column":12},"end":{"line":70,"column":12},"skip":true}]},"8":{"line":70,"type":"binary-expr","locations":[{"start":{"line":70,"column":16},"end":{"line":70,"column":22},"skip":true},{"start":{"line":70,"column":27},"end":{"line":70,"column":32},"skip":true},{"start":{"line":71,"column":20},"end":{"line":71,"column":39},"skip":true},{"start":{"line":72,"column":20},"end":{"line":72,"column":49},"skip":true},{"start":{"line":73,"column":20},"end":{"line":73,"column":58},"skip":true},{"start":{"line":74,"column":20},"end":{"line":74,"column":69},"skip":true}]},"9":{"line":79,"type":"switch","locations":[{"start":{"line":80,"column":20},"end":{"line":80,"column":33},"skip":true},{"start":{"line":81,"column":20},"end":{"line":83,"column":30},"skip":true},{"start":{"line":84,"column":20},"end":{"line":85,"column":49},"skip":true}]},"10":{"line":89,"type":"switch","locations":[{"start":{"line":90,"column":12},"end":{"line":103,"column":22},"skip":true},{"start":{"line":105,"column":12},"end":{"line":106,"column":22},"skip":true}]},"11":{"line":89,"type":"binary-expr","locations":[{"start":{"line":89,"column":20},"end":{"line":89,"column":25},"skip":true},{"start":{"line":89,"column":29},"end":{"line":89,"column":48},"skip":true},{"start":{"line":89,"column":52},"end":{"line":89,"column":74},"skip":true}]},"12":{"line":92,"type":"if","locations":[{"start":{"line":92,"column":16},"end":{"line":92,"column":16},"skip":true},{"start":{"line":92,"column":16},"end":{"line":92,"column":16},"skip":true}]},"13":{"line":108,"type":"if","locations":[{"start":{"line":108,"column":12},"end":{"line":108,"column":12},"skip":true},{"start":{"line":108,"column":12},"end":{"line":108,"column":12},"skip":true}]},"14":{"line":108,"type":"binary-expr","locations":[{"start":{"line":108,"column":16},"end":{"line":108,"column":61},"skip":true},{"start":{"line":108,"column":66},"end":{"line":108,"column":72},"skip":true},{"start":{"line":108,"column":77},"end":{"line":108,"column":82},"skip":true},{"start":{"line":109,"column":20},"end":{"line":109,"column":39},"skip":true},{"start":{"line":110,"column":20},"end":{"line":110,"column":49},"skip":true},{"start":{"line":111,"column":20},"end":{"line":111,"column":58},"skip":true},{"start":{"line":112,"column":20},"end":{"line":112,"column":68},"skip":true}]},"15":{"line":129,"type":"if","locations":[{"start":{"line":129,"column":16},"end":{"line":129,"column":16},"skip":true},{"start":{"line":129,"column":16},"end":{"line":129,"column":16},"skip":true}]},"16":{"line":134,"type":"cond-expr","locations":[{"start":{"line":135,"column":26},"end":{"line":135,"column":29},"skip":true},{"start":{"line":136,"column":26},"end":{"line":136,"column":54},"skip":true}]},"17":{"line":164,"type":"binary-expr","locations":[{"start":{"line":164,"column":27},"end":{"line":164,"column":43},"skip":true},{"start":{"line":164,"column":47},"end":{"line":164,"column":49},"skip":true}]},"18":{"line":258,"type":"if","locations":[{"start":{"line":258,"column":8},"end":{"line":258,"column":8},"skip":true},{"start":{"line":258,"column":8},"end":{"line":258,"column":8},"skip":true}]},"19":{"line":275,"type":"switch","locations":[{"start":{"line":276,"column":20},"end":{"line":277,"column":64},"skip":true},{"start":{"line":278,"column":20},"end":{"line":279,"column":40},"skip":true},{"start":{"line":280,"column":20},"end":{"line":281,"column":40},"skip":true},{"start":{"line":282,"column":20},"end":{"line":283,"column":39},"skip":true}]},"20":{"line":288,"type":"if","locations":[{"start":{"line":288,"column":8},"end":{"line":288,"column":8},"skip":true},{"start":{"line":288,"column":8},"end":{"line":288,"column":8},"skip":true}]},"21":{"line":288,"type":"binary-expr","locations":[{"start":{"line":288,"column":12},"end":{"line":288,"column":40},"skip":true},{"start":{"line":288,"column":44},"end":{"line":288,"column":67},"skip":true}]},"22":{"line":292,"type":"binary-expr","locations":[{"start":{"line":292,"column":12},"end":{"line":292,"column":50},"skip":true},{"start":{"line":293,"column":12},"end":{"line":293,"column":53},"skip":true}]},"23":{"line":297,"type":"binary-expr","locations":[{"start":{"line":297,"column":12},"end":{"line":297,"column":63},"skip":true},{"start":{"line":298,"column":12},"end":{"line":301,"column":36},"skip":true}]},"24":{"line":303,"type":"binary-expr","locations":[{"start":{"line":303,"column":43},"end":{"line":303,"column":75},"skip":true},{"start":{"line":303,"column":79},"end":{"line":303,"column":81},"skip":true}]},"25":{"line":306,"type":"if","locations":[{"start":{"line":306,"column":8},"end":{"line":306,"column":8},"skip":true},{"start":{"line":306,"column":8},"end":{"line":306,"column":8},"skip":true}]},"26":{"line":310,"type":"if","locations":[{"start":{"line":310,"column":8},"end":{"line":310,"column":8},"skip":true},{"start":{"line":310,"column":8},"end":{"line":310,"column":8},"skip":true}]},"27":{"line":313,"type":"binary-expr","locations":[{"start":{"line":313,"column":27},"end":{"line":313,"column":43},"skip":true},{"start":{"line":313,"column":47},"end":{"line":313,"column":53},"skip":true}]},"28":{"line":317,"type":"if","locations":[{"start":{"line":317,"column":12},"end":{"line":317,"column":12},"skip":true},{"start":{"line":317,"column":12},"end":{"line":317,"column":12},"skip":true}]}},"code":["/*","example.js","","quickstart example","","instruction","    1. save this script as example.js","    2. run the shell command:","        $ npm install npmtest-qunit && PORT=8081 node example.js","    3. play with the browser-demo on http://127.0.0.1:8081","*/","","","","/* istanbul instrument in package npmtest_qunit */","/*jslint","    bitwise: true,","    browser: true,","    maxerr: 8,","    maxlen: 96,","    node: true,","    nomen: true,","    regexp: true,","    stupid: true","*/","(function () {","    'use strict';","    var local;","","","","    // run shared js-env code - init-before","    (function () {","        // init local","        local = {};","        // init modeJs","        local.modeJs = (function () {","            try {","                return typeof navigator.userAgent === 'string' &&","                    typeof document.querySelector('body') === 'object' &&","                    typeof XMLHttpRequest.prototype.open === 'function' &&","                    'browser';","            } catch (errorCaughtBrowser) {","                return module.exports &&","                    typeof process.versions.node === 'string' &&","                    typeof require('http').createServer === 'function' &&","                    'node';","            }","        }());","        // init global","        local.global = local.modeJs === 'browser'","            ? window","            : global;","        // init utility2_rollup","        local = local.global.utility2_rollup || (local.modeJs === 'browser'","            ? local.global.utility2_npmtest_qunit","            : global.utility2_moduleExports);","        // export local","        local.global.local = local;","    }());","    switch (local.modeJs) {","","","","    // init-after","    // run browser js-env code - init-after","    /* istanbul ignore next */","    case 'browser':","        local.testRunBrowser = function (event) {","            if (!event || (event &&","                    event.currentTarget &&","                    event.currentTarget.className &&","                    event.currentTarget.className.includes &&","                    event.currentTarget.className.includes('onreset'))) {","                // reset output","                Array.from(","                    document.querySelectorAll('body > .resettable')","                ).forEach(function (element) {","                    switch (element.tagName) {","                    case 'INPUT':","                    case 'TEXTAREA':","                        element.value = '';","                        break;","                    default:","                        element.textContent = '';","                    }","                });","            }","            switch (event && event.currentTarget && event.currentTarget.id) {","            case 'testRunButton1':","                // show tests","                if (document.querySelector('#testReportDiv1').style.display === 'none') {","                    document.querySelector('#testReportDiv1').style.display = 'block';","                    document.querySelector('#testRunButton1').textContent =","                        'hide internal test';","                    local.modeTest = true;","                    local.testRunDefault(local);","                // hide tests","                } else {","                    document.querySelector('#testReportDiv1').style.display = 'none';","                    document.querySelector('#testRunButton1').textContent = 'run internal test';","                }","                break;","            // custom-case","            default:","                break;","            }","            if (document.querySelector('#inputTextareaEval1') && (!event || (event &&","                    event.currentTarget &&","                    event.currentTarget.className &&","                    event.currentTarget.className.includes &&","                    event.currentTarget.className.includes('oneval')))) {","                // try to eval input-code","                try {","                    /*jslint evil: true*/","                    eval(document.querySelector('#inputTextareaEval1').value);","                } catch (errorCaught) {","                    console.error(errorCaught);","                }","            }","        };","        // log stderr and stdout to #outputTextareaStdout1","        ['error', 'log'].forEach(function (key) {","            console[key + '_original'] = console[key];","            console[key] = function () {","                var element;","                console[key + '_original'].apply(console, arguments);","                element = document.querySelector('#outputTextareaStdout1');","                if (!element) {","                    return;","                }","                // append text to #outputTextareaStdout1","                element.value += Array.from(arguments).map(function (arg) {","                    return typeof arg === 'string'","                        ? arg","                        : JSON.stringify(arg, null, 4);","                }).join(' ') + '\\n';","                // scroll textarea to bottom","                element.scrollTop = element.scrollHeight;","            };","        });","        // init event-handling","        ['change', 'click', 'keyup'].forEach(function (event) {","            Array.from(document.querySelectorAll('.on' + event)).forEach(function (element) {","                element.addEventListener(event, local.testRunBrowser);","            });","        });","        // run tests","        local.testRunBrowser();","        break;","","","","    // run node js-env code - init-after","    /* istanbul ignore next */","    case 'node':","        // export local","        module.exports = local;","        // require modules","        local.fs = require('fs');","        local.http = require('http');","        local.url = require('url');","        // init assets","        local.assetsDict = local.assetsDict || {};","        /* jslint-ignore-begin */","        local.assetsDict['/assets.index.template.html'] = '\\","<!doctype html>\\n\\","<html lang=\"en\">\\n\\","<head>\\n\\","<meta charset=\"UTF-8\">\\n\\","<meta name=\"viewport\" content=\"width=device-width, initial-scale=1\">\\n\\","<title>{{env.npm_package_name}} (v{{env.npm_package_version}})</title>\\n\\","<style>\\n\\","/*csslint\\n\\","    box-sizing: false,\\n\\","    universal-selector: false\\n\\","*/\\n\\","* {\\n\\","    box-sizing: border-box;\\n\\","}\\n\\","body {\\n\\","    background: #dde;\\n\\","    font-family: Arial, Helvetica, sans-serif;\\n\\","    margin: 2rem;\\n\\","}\\n\\","body > * {\\n\\","    margin-bottom: 1rem;\\n\\","}\\n\\",".utility2FooterDiv {\\n\\","    margin-top: 20px;\\n\\","    text-align: center;\\n\\","}\\n\\","</style>\\n\\","<style>\\n\\","/*csslint\\n\\","*/\\n\\","textarea {\\n\\","    font-family: monospace;\\n\\","    height: 10rem;\\n\\","    width: 100%;\\n\\","}\\n\\","textarea[readonly] {\\n\\","    background: #ddd;\\n\\","}\\n\\","</style>\\n\\","</head>\\n\\","<body>\\n\\","<!-- utility2-comment\\n\\","<div id=\"ajaxProgressDiv1\" style=\"background: #d00; height: 2px; left: 0; margin: 0; padding: 0; position: fixed; top: 0; transition: background 0.5s, width 1.5s; width: 25%;\"></div>\\n\\","utility2-comment -->\\n\\","<h1>\\n\\","<!-- utility2-comment\\n\\","    <a\\n\\","        {{#if env.npm_package_homepage}}\\n\\","        href=\"{{env.npm_package_homepage}}\"\\n\\","        {{/if env.npm_package_homepage}}\\n\\","        target=\"_blank\"\\n\\","    >\\n\\","utility2-comment -->\\n\\","        {{env.npm_package_name}} (v{{env.npm_package_version}})\\n\\","<!-- utility2-comment\\n\\","    </a>\\n\\","utility2-comment -->\\n\\","</h1>\\n\\","<h3>{{env.npm_package_description}}</h3>\\n\\","<!-- utility2-comment\\n\\","<h4><a download href=\"assets.app.js\">download standalone app</a></h4>\\n\\","<button class=\"onclick onreset\" id=\"testRunButton1\">run internal test</button><br>\\n\\","<div id=\"testReportDiv1\" style=\"display: none;\"></div>\\n\\","utility2-comment -->\\n\\","\\n\\","\\n\\","\\n\\","<label>stderr and stdout</label>\\n\\","<textarea class=\"resettable\" id=\"outputTextareaStdout1\" readonly></textarea>\\n\\","<!-- utility2-comment\\n\\","{{#if isRollup}}\\n\\","<script src=\"assets.app.js\"></script>\\n\\","{{#unless isRollup}}\\n\\","utility2-comment -->\\n\\","<script src=\"assets.utility2.rollup.js\"></script>\\n\\","<script src=\"jsonp.utility2._stateInit?callback=window.utility2._stateInit\"></script>\\n\\","<script src=\"assets.npmtest_qunit.rollup.js\"></script>\\n\\","<script src=\"assets.example.js\"></script>\\n\\","<script src=\"assets.test.js\"></script>\\n\\","<!-- utility2-comment\\n\\","{{/if isRollup}}\\n\\","utility2-comment -->\\n\\","<div class=\"utility2FooterDiv\">\\n\\","    [ this app was created with\\n\\","    <a href=\"https://github.com/kaizhu256/node-utility2\" target=\"_blank\">utility2</a>\\n\\","    ]\\n\\","</div>\\n\\","</body>\\n\\","</html>\\n\\","';","        /* jslint-ignore-end */","        if (local.templateRender) {","            local.assetsDict['/'] = local.templateRender(","                local.assetsDict['/assets.index.template.html'],","                {","                    env: local.objectSetDefault(local.env, {","                        npm_package_description: 'the greatest app in the world!',","                        npm_package_name: 'my-app',","                        npm_package_nameAlias: 'my_app',","                        npm_package_version: '0.0.1'","                    })","                }","            );","        } else {","            local.assetsDict['/'] = local.assetsDict['/assets.index.template.html']","                .replace((/\\{\\{env\\.(\\w+?)\\}\\}/g), function (match0, match1) {","                    // jslint-hack","                    String(match0);","                    switch (match1) {","                    case 'npm_package_description':","                        return 'the greatest app in the world!';","                    case 'npm_package_name':","                        return 'my-app';","                    case 'npm_package_nameAlias':","                        return 'my_app';","                    case 'npm_package_version':","                        return '0.0.1';","                    }","                });","        }","        // run the cli","        if (local.global.utility2_rollup || module !== require.main) {","            break;","        }","        local.assetsDict['/assets.example.js'] =","            local.assetsDict['/assets.example.js'] ||","            local.fs.readFileSync(__filename, 'utf8');","        // bug-workaround - long $npm_package_buildCustomOrg","        /* jslint-ignore-begin */","        local.assetsDict['/assets.npmtest_qunit.rollup.js'] =","            local.assetsDict['/assets.npmtest_qunit.rollup.js'] ||","            local.fs.readFileSync(","                local.npmtest_qunit.__dirname + '/lib.npmtest_qunit.js',","                'utf8'","            ).replace((/^#!/), '//');","        /* jslint-ignore-end */","        local.assetsDict['/favicon.ico'] = local.assetsDict['/favicon.ico'] || '';","        // if $npm_config_timeout_exit exists,","        // then exit this process after $npm_config_timeout_exit ms","        if (Number(process.env.npm_config_timeout_exit)) {","            setTimeout(process.exit, Number(process.env.npm_config_timeout_exit));","        }","        // start server","        if (local.global.utility2_serverHttp1) {","            break;","        }","        process.env.PORT = process.env.PORT || '8081';","        console.error('server starting on port ' + process.env.PORT);","        local.http.createServer(function (request, response) {","            request.urlParsed = local.url.parse(request.url);","            if (local.assetsDict[request.urlParsed.pathname] !== undefined) {","                response.end(local.assetsDict[request.urlParsed.pathname]);","                return;","            }","            response.statusCode = 404;","            response.end();","        }).listen(process.env.PORT);","        break;","    }","}());",""],"l":{"26":2,"28":2,"33":2,"35":2,"37":2,"38":2,"39":2,"44":1,"51":2,"55":2,"59":2,"61":2,"69":1,"70":2,"76":2,"79":2,"82":2,"83":2,"85":1,"89":2,"92":1,"93":1,"94":1,"96":1,"97":1,"100":1,"101":1,"103":1,"106":1,"108":2,"114":1,"116":1,"118":1,"123":1,"124":2,"125":2,"126":3,"127":3,"128":3,"129":3,"130":1,"133":3,"134":3,"139":3,"143":1,"144":3,"145":1,"149":1,"150":1,"158":1,"160":1,"161":1,"162":1,"164":1,"166":1,"258":1,"259":1,"271":1,"274":6,"275":6,"277":1,"279":2,"281":1,"283":2,"288":1,"289":1,"291":1,"296":1,"303":1,"306":1,"307":1,"310":1,"311":1,"313":1,"314":1,"315":1,"316":1,"317":1,"318":1,"319":1,"321":1,"322":1,"324":1}},"/home/travis/build/npmtest/node-npmtest-qunit/node_modules/qunit/index.js":{"path":"/home/travis/build/npmtest/node-npmtest-qunit/node_modules/qunit/index.js","s":{"1":1},"b":{},"f":{},"fnMap":{},"statementMap":{"1":{"start":{"line":1,"column":0},"end":{"line":1,"column":45}}},"branchMap":{},"code":["module.exports = require(\"./lib/testrunner\");",""],"l":{"1":1}},"/home/travis/build/npmtest/node-npmtest-qunit/node_modules/qunit/lib/testrunner.js":{"path":"/home/travis/build/npmtest/node-npmtest-qunit/node_modules/qunit/lib/testrunner.js","s":{"1":1,"2":1,"3":1,"4":1,"5":0,"6":0,"7":0,"8":0,"9":0,"10":1,"11":0,"12":0,"13":1,"14":0,"15":0,"16":0,"17":0,"18":0,"19":0,"20":0,"21":0,"22":0,"23":0,"24":0,"25":0,"26":0,"27":0,"28":0,"29":0,"30":0,"31":0,"32":0,"33":0,"34":0,"35":0,"36":0,"37":0,"38":0,"39":0,"40":0,"41":0,"42":0,"43":0,"44":1,"45":0,"46":0,"47":0,"48":0,"49":0,"50":1,"51":0,"52":0,"53":0,"54":0,"55":0,"56":0,"57":0,"58":1,"59":0,"60":0,"61":0,"62":0,"63":0,"64":0,"65":0,"66":0,"67":0,"68":0,"69":0,"70":0,"71":0,"72":0,"73":0,"74":0,"75":0,"76":0,"77":0,"78":0,"79":0,"80":0,"81":0,"82":1,"83":0},"b":{"1":[0,0,0,0,0],"2":[0,0],"3":[0,0],"4":[0,0],"5":[0,0],"6":[0,0],"7":[0,0],"8":[0,0],"9":[0,0],"10":[0,0],"11":[0,0],"12":[0,0],"13":[0,0],"14":[0,0],"15":[0,0],"16":[0,0],"17":[0,0],"18":[0,0]},"f":{"1":0,"2":0,"3":0,"4":0,"5":0,"6":0,"7":0,"8":0,"9":0,"10":0,"11":0,"12":0,"13":0,"14":0},"fnMap":{"1":{"name":"(anonymous_1)","line":8,"loc":{"start":{"line":8,"column":11},"end":{"line":8,"column":22}}},"2":{"name":"runOne","line":58,"loc":{"start":{"line":58,"column":0},"end":{"line":58,"column":32}}},"3":{"name":"kill","line":66,"loc":{"start":{"line":66,"column":4},"end":{"line":66,"column":20}}},"4":{"name":"complete","line":71,"loc":{"start":{"line":71,"column":4},"end":{"line":71,"column":33}}},"5":{"name":"(anonymous_5)","line":77,"loc":{"start":{"line":77,"column":24},"end":{"line":77,"column":38}}},"6":{"name":"(anonymous_6)","line":81,"loc":{"start":{"line":81,"column":48},"end":{"line":81,"column":59}}},"7":{"name":"absPath","line":124,"loc":{"start":{"line":124,"column":0},"end":{"line":124,"column":23}}},"8":{"name":"absPaths","line":141,"loc":{"start":{"line":141,"column":0},"end":{"line":141,"column":25}}},"9":{"name":"(anonymous_9)","line":145,"loc":{"start":{"line":145,"column":22},"end":{"line":145,"column":37}}},"10":{"name":"(anonymous_10)","line":160,"loc":{"start":{"line":160,"column":14},"end":{"line":160,"column":40}}},"11":{"name":"(anonymous_11)","line":171,"loc":{"start":{"line":171,"column":18},"end":{"line":171,"column":33}}},"12":{"name":"(anonymous_12)","line":179,"loc":{"start":{"line":179,"column":21},"end":{"line":179,"column":35}}},"13":{"name":"(anonymous_13)","line":187,"loc":{"start":{"line":187,"column":33},"end":{"line":187,"column":53}}},"14":{"name":"(anonymous_14)","line":206,"loc":{"start":{"line":206,"column":16},"end":{"line":206,"column":31}}}},"statementMap":{"1":{"start":{"line":1,"column":0},"end":{"line":5,"column":41}},"2":{"start":{"line":7,"column":0},"end":{"line":8,"column":25}},"3":{"start":{"line":10,"column":0},"end":{"line":51,"column":2}},"4":{"start":{"line":58,"column":0},"end":{"line":117,"column":1}},"5":{"start":{"line":59,"column":4},"end":{"line":59,"column":14}},"6":{"start":{"line":60,"column":4},"end":{"line":60,"column":27}},"7":{"start":{"line":61,"column":4},"end":{"line":61,"column":36}},"8":{"start":{"line":63,"column":4},"end":{"line":63,"column":36}},"9":{"start":{"line":64,"column":4},"end":{"line":64,"column":71}},"10":{"start":{"line":66,"column":4},"end":{"line":69,"column":5}},"11":{"start":{"line":67,"column":8},"end":{"line":67,"column":45}},"12":{"start":{"line":68,"column":8},"end":{"line":68,"column":21}},"13":{"start":{"line":71,"column":4},"end":{"line":75,"column":5}},"14":{"start":{"line":72,"column":8},"end":{"line":72,"column":15}},"15":{"start":{"line":73,"column":8},"end":{"line":73,"column":41}},"16":{"start":{"line":74,"column":8},"end":{"line":74,"column":27}},"17":{"start":{"line":77,"column":4},"end":{"line":110,"column":7}},"18":{"start":{"line":78,"column":8},"end":{"line":109,"column":9}},"19":{"start":{"line":80,"column":16},"end":{"line":80,"column":49}},"20":{"start":{"line":81,"column":16},"end":{"line":83,"column":42}},"21":{"start":{"line":82,"column":20},"end":{"line":82,"column":72}},"22":{"start":{"line":84,"column":16},"end":{"line":84,"column":22}},"23":{"start":{"line":86,"column":16},"end":{"line":86,"column":48}},"24":{"start":{"line":87,"column":16},"end":{"line":87,"column":22}},"25":{"start":{"line":89,"column":16},"end":{"line":89,"column":43}},"26":{"start":{"line":90,"column":16},"end":{"line":90,"column":22}},"27":{"start":{"line":92,"column":16},"end":{"line":92,"column":49}},"28":{"start":{"line":93,"column":16},"end":{"line":93,"column":47}},"29":{"start":{"line":94,"column":16},"end":{"line":94,"column":47}},"30":{"start":{"line":95,"column":16},"end":{"line":100,"column":17}},"31":{"start":{"line":96,"column":20},"end":{"line":96,"column":52}},"32":{"start":{"line":97,"column":20},"end":{"line":97,"column":55}},"33":{"start":{"line":98,"column":20},"end":{"line":98,"column":59}},"34":{"start":{"line":99,"column":20},"end":{"line":99,"column":60}},"35":{"start":{"line":101,"column":16},"end":{"line":103,"column":17}},"36":{"start":{"line":102,"column":20},"end":{"line":102,"column":40}},"37":{"start":{"line":104,"column":16},"end":{"line":104,"column":41}},"38":{"start":{"line":105,"column":16},"end":{"line":105,"column":22}},"39":{"start":{"line":107,"column":16},"end":{"line":107,"column":58}},"40":{"start":{"line":108,"column":16},"end":{"line":108,"column":22}},"41":{"start":{"line":112,"column":4},"end":{"line":112,"column":29}},"42":{"start":{"line":114,"column":4},"end":{"line":116,"column":5}},"43":{"start":{"line":115,"column":8},"end":{"line":115,"column":60}},"44":{"start":{"line":124,"column":0},"end":{"line":134,"column":1}},"45":{"start":{"line":125,"column":4},"end":{"line":127,"column":5}},"46":{"start":{"line":126,"column":8},"end":{"line":126,"column":28}},"47":{"start":{"line":129,"column":4},"end":{"line":131,"column":5}},"48":{"start":{"line":130,"column":8},"end":{"line":130,"column":59}},"49":{"start":{"line":133,"column":4},"end":{"line":133,"column":16}},"50":{"start":{"line":141,"column":0},"end":{"line":153,"column":1}},"51":{"start":{"line":142,"column":4},"end":{"line":142,"column":17}},"52":{"start":{"line":144,"column":4},"end":{"line":150,"column":5}},"53":{"start":{"line":145,"column":8},"end":{"line":147,"column":11}},"54":{"start":{"line":146,"column":12},"end":{"line":146,"column":36}},"55":{"start":{"line":148,"column":11},"end":{"line":150,"column":5}},"56":{"start":{"line":149,"column":8},"end":{"line":149,"column":33}},"57":{"start":{"line":152,"column":4},"end":{"line":152,"column":15}},"58":{"start":{"line":160,"column":0},"end":{"line":199,"column":2}},"59":{"start":{"line":161,"column":4},"end":{"line":161,"column":23}},"60":{"start":{"line":163,"column":4},"end":{"line":163,"column":34}},"61":{"start":{"line":165,"column":4},"end":{"line":167,"column":5}},"62":{"start":{"line":166,"column":8},"end":{"line":166,"column":24}},"63":{"start":{"line":169,"column":4},"end":{"line":169,"column":80}},"64":{"start":{"line":169,"column":47},"end":{"line":169,"column":80}},"65":{"start":{"line":171,"column":4},"end":{"line":198,"column":7}},"66":{"start":{"line":172,"column":8},"end":{"line":172,"column":47}},"67":{"start":{"line":174,"column":8},"end":{"line":174,"column":37}},"68":{"start":{"line":175,"column":8},"end":{"line":175,"column":40}},"69":{"start":{"line":176,"column":8},"end":{"line":176,"column":39}},"70":{"start":{"line":177,"column":8},"end":{"line":177,"column":42}},"71":{"start":{"line":179,"column":8},"end":{"line":197,"column":11}},"72":{"start":{"line":180,"column":12},"end":{"line":182,"column":13}},"73":{"start":{"line":181,"column":16},"end":{"line":181,"column":50}},"74":{"start":{"line":184,"column":12},"end":{"line":184,"column":25}},"75":{"start":{"line":186,"column":12},"end":{"line":196,"column":13}},"76":{"start":{"line":187,"column":16},"end":{"line":191,"column":19}},"77":{"start":{"line":188,"column":20},"end":{"line":190,"column":21}},"78":{"start":{"line":189,"column":24},"end":{"line":189,"column":42}},"79":{"start":{"line":194,"column":16},"end":{"line":194,"column":53}},"80":{"start":{"line":194,"column":35},"end":{"line":194,"column":53}},"81":{"start":{"line":195,"column":16},"end":{"line":195,"column":44}},"82":{"start":{"line":206,"column":0},"end":{"line":208,"column":2}},"83":{"start":{"line":207,"column":4},"end":{"line":207,"column":28}}},"branchMap":{"1":{"line":78,"type":"switch","locations":[{"start":{"line":79,"column":12},"end":{"line":84,"column":22}},{"start":{"line":85,"column":12},"end":{"line":87,"column":22}},{"start":{"line":88,"column":12},"end":{"line":90,"column":22}},{"start":{"line":91,"column":12},"end":{"line":105,"column":22}},{"start":{"line":106,"column":12},"end":{"line":108,"column":22}}]},"2":{"line":95,"type":"if","locations":[{"start":{"line":95,"column":16},"end":{"line":95,"column":16}},{"start":{"line":95,"column":16},"end":{"line":95,"column":16}}]},"3":{"line":101,"type":"if","locations":[{"start":{"line":101,"column":16},"end":{"line":101,"column":16}},{"start":{"line":101,"column":16},"end":{"line":101,"column":16}}]},"4":{"line":114,"type":"if","locations":[{"start":{"line":114,"column":4},"end":{"line":114,"column":4}},{"start":{"line":114,"column":4},"end":{"line":114,"column":4}}]},"5":{"line":125,"type":"if","locations":[{"start":{"line":125,"column":4},"end":{"line":125,"column":4}},{"start":{"line":125,"column":4},"end":{"line":125,"column":4}}]},"6":{"line":129,"type":"if","locations":[{"start":{"line":129,"column":4},"end":{"line":129,"column":4}},{"start":{"line":129,"column":4},"end":{"line":129,"column":4}}]},"7":{"line":144,"type":"if","locations":[{"start":{"line":144,"column":4},"end":{"line":144,"column":4}},{"start":{"line":144,"column":4},"end":{"line":144,"column":4}}]},"8":{"line":148,"type":"if","locations":[{"start":{"line":148,"column":11},"end":{"line":148,"column":11}},{"start":{"line":148,"column":11},"end":{"line":148,"column":11}}]},"9":{"line":163,"type":"binary-expr","locations":[{"start":{"line":163,"column":4},"end":{"line":163,"column":12}},{"start":{"line":163,"column":17},"end":{"line":163,"column":32}}]},"10":{"line":165,"type":"if","locations":[{"start":{"line":165,"column":4},"end":{"line":165,"column":4}},{"start":{"line":165,"column":4},"end":{"line":165,"column":4}}]},"11":{"line":169,"type":"if","locations":[{"start":{"line":169,"column":4},"end":{"line":169,"column":4}},{"start":{"line":169,"column":4},"end":{"line":169,"column":4}}]},"12":{"line":169,"type":"binary-expr","locations":[{"start":{"line":169,"column":8},"end":{"line":169,"column":24}},{"start":{"line":169,"column":28},"end":{"line":169,"column":45}}]},"13":{"line":174,"type":"binary-expr","locations":[{"start":{"line":174,"column":8},"end":{"line":174,"column":17}},{"start":{"line":174,"column":22},"end":{"line":174,"column":35}}]},"14":{"line":180,"type":"if","locations":[{"start":{"line":180,"column":12},"end":{"line":180,"column":12}},{"start":{"line":180,"column":12},"end":{"line":180,"column":12}}]},"15":{"line":186,"type":"if","locations":[{"start":{"line":186,"column":12},"end":{"line":186,"column":12}},{"start":{"line":186,"column":12},"end":{"line":186,"column":12}}]},"16":{"line":188,"type":"if","locations":[{"start":{"line":188,"column":20},"end":{"line":188,"column":20}},{"start":{"line":188,"column":20},"end":{"line":188,"column":20}}]},"17":{"line":188,"type":"binary-expr","locations":[{"start":{"line":188,"column":24},"end":{"line":188,"column":27}},{"start":{"line":188,"column":31},"end":{"line":188,"column":46}}]},"18":{"line":194,"type":"if","locations":[{"start":{"line":194,"column":16},"end":{"line":194,"column":16}},{"start":{"line":194,"column":16},"end":{"line":194,"column":16}}]}},"code":["var path = require('path'),","    coverage = require('./coverage'),","    cp = require('child_process'),","    _ = require('underscore'),","    log = exports.log = require('./log');","","var options,","    noop = function() {};","","options = exports.options = {","","    // logging options","    log: {","","        // log assertions overview","        assertions: true,","","        // log expected and actual values for failed tests","        errors: true,","","        // log tests overview","        tests: true,","","        // log summary","        summary: true,","","        // log global summary (all files)","        globalSummary: true,","","        // log coverage","        coverage: true,","","        // log global coverage (all files)","        globalCoverage: true,","","        // log currently testing code file","        testing: true","    },","","    // run test coverage tool","    coverage: false,","","    // define dependencies, which are required then before code","    deps: null,","","    // define namespace your code will be attached to on global['your namespace']","    namespace: null,","","    // max amount of ms child can be blocked, after that we assume running an infinite loop","    maxBlockDuration: 2000","};","","/**"," * Run one spawned instance with tests"," * @param {Object} opts"," * @param {Function} callback"," */","function runOne(opts, callback) {","    var child;","    var pingCheckTimeoutId;","    var argv = process.argv.slice();","","    argv.push(JSON.stringify(opts));","    child = cp.fork(__dirname + '/child.js', argv, {env: process.env});","","    function kill() {","        process.removeListener('exit', kill);","        child.kill();","    }","","    function complete(err, data) {","        kill();","        clearTimeout(pingCheckTimeoutId);","        callback(err, data)","    }","","    child.on('message', function(msg) {","        switch (msg.event) {","            case 'ping':","                clearTimeout(pingCheckTimeoutId);","                pingCheckTimeoutId = setTimeout(function() {","                    complete(new Error('Process blocked for too long'));","                }, opts.maxBlockDuration);","                break;","            case 'assertionDone':","                log.add('assertions', msg.data);","                break;","            case 'testDone':","                log.add('tests', msg.data);","                break;","            case 'done':","                clearTimeout(pingCheckTimeoutId);","                msg.data.code = opts.code.path;","                log.add('summaries', msg.data);","                if (opts.coverage) {","                    coverage.add(msg.data.coverage);","                    msg.data.coverage = coverage.get();","                    msg.data.coverage.code = msg.data.code;","                    log.add('coverages', msg.data.coverage);","                }","                if (opts.log.testing) {","                    console.log('done');","                }","                complete(null, msg.data);","                break;","            case 'uncaughtException':","                complete(_.extend(new Error(), msg.data));","                break;","        }","    });","","    process.on('exit', kill);","","    if (opts.log.testing) {","        console.log('\\nTesting ', opts.code.path + ' ... ');","    }","}","","/**"," * Make an absolute path from relative"," * @param {string|Object} file"," * @return {Object}"," */","function absPath(file) {","    if (typeof file === 'string') {","        file = {path: file};","    }","","    if (file.path.charAt(0) != '/') {","        file.path = path.resolve(process.cwd(), file.path);","    }","","    return file;","}","","/**"," * Convert path or array of paths to array of abs paths"," * @param {Array|string} files"," * @return {Array}"," */","function absPaths(files) {","    var ret = [];","","    if (Array.isArray(files)) {","        files.forEach(function(file) {","            ret.push(absPath(file));","        });","    } else if (files) {","        ret.push(absPath(files));","    }","","    return ret;","}","","/**"," * Run tests in spawned node instance async for every test."," * @param {Object|Array} files"," * @param {Function} callback optional"," */","exports.run = function(files, callback) {","    var filesCount = 0;","","    callback || (callback = noop);","","    if (!Array.isArray(files)) {","        files = [files];","    }","","    if (options.coverage || files[0].coverage) coverage.setup(options.coverage);","","    files.forEach(function(file) {","        var opts = _.extend({}, options, file);","","        !opts.log && (opts.log = {});","        opts.deps = absPaths(opts.deps);","        opts.code = absPath(opts.code);","        opts.tests = absPaths(opts.tests);","","        runOne(opts, function(err) {","            if (err) {","                return callback(err, log.stats());","            }","","            filesCount++;","","            if (filesCount >= files.length) {","                _.each(opts.log, function(val, name) {","                    if (val && log.print[name]) {","                        log.print[name]();","                    }","                });","","                // Write coverage report.","                if (opts.coverage) coverage.report();","                callback(null, log.stats());","            }","        });","    });","};","","","/**"," * Set options"," * @param {Object}"," */","exports.setup = function(opts) {","    _.extend(options, opts);","};",""],"l":{"1":1,"7":1,"10":1,"58":1,"59":0,"60":0,"61":0,"63":0,"64":0,"66":1,"67":0,"68":0,"71":1,"72":0,"73":0,"74":0,"77":0,"78":0,"80":0,"81":0,"82":0,"84":0,"86":0,"87":0,"89":0,"90":0,"92":0,"93":0,"94":0,"95":0,"96":0,"97":0,"98":0,"99":0,"101":0,"102":0,"104":0,"105":0,"107":0,"108":0,"112":0,"114":0,"115":0,"124":1,"125":0,"126":0,"129":0,"130":0,"133":0,"141":1,"142":0,"144":0,"145":0,"146":0,"148":0,"149":0,"152":0,"160":1,"161":0,"163":0,"165":0,"166":0,"169":0,"171":0,"172":0,"174":0,"175":0,"176":0,"177":0,"179":0,"180":0,"181":0,"184":0,"186":0,"187":0,"188":0,"189":0,"194":0,"195":0,"206":1,"207":0}},"/home/travis/build/npmtest/node-npmtest-qunit/node_modules/qunit/lib/coverage.js":{"path":"/home/travis/build/npmtest/node-npmtest-qunit/node_modules/qunit/lib/coverage.js","s":{"1":1,"2":1,"3":1,"4":1,"5":1,"6":0,"7":0,"8":0,"9":1,"10":0,"11":0,"12":1,"13":0,"14":0,"15":0,"16":0,"17":0,"18":0,"19":1,"20":0,"21":0,"22":0,"23":0,"24":0,"25":0,"26":0,"27":1,"28":0,"29":0,"30":0,"31":0,"32":0,"33":0,"34":0,"35":0,"36":0,"37":0,"38":0,"39":0,"40":1,"41":0,"42":0,"43":0,"44":0},"b":{"1":[0,0],"2":[0,0],"3":[0,0],"4":[0,0],"5":[0,0],"6":[0,0],"7":[0,0],"8":[0,1]},"f":{"1":0,"2":0,"3":0,"4":0,"5":0,"6":0,"7":0,"8":0,"9":0,"10":0,"11":0,"12":0},"fnMap":{"1":{"name":"(anonymous_1)","line":17,"loc":{"start":{"line":17,"column":16},"end":{"line":17,"column":31}}},"2":{"name":"(anonymous_2)","line":24,"loc":{"start":{"line":24,"column":14},"end":{"line":24,"column":33}}},"3":{"name":"(anonymous_3)","line":28,"loc":{"start":{"line":28,"column":14},"end":{"line":28,"column":25}}},"4":{"name":"(anonymous_4)","line":32,"loc":{"start":{"line":32,"column":34},"end":{"line":32,"column":49}}},"5":{"name":"(anonymous_5)","line":39,"loc":{"start":{"line":39,"column":17},"end":{"line":39,"column":28}}},"6":{"name":"(anonymous_6)","line":45,"loc":{"start":{"line":45,"column":40},"end":{"line":45,"column":58}}},"7":{"name":"(anonymous_7)","line":49,"loc":{"start":{"line":49,"column":24},"end":{"line":49,"column":38}}},"8":{"name":"(anonymous_8)","line":55,"loc":{"start":{"line":55,"column":21},"end":{"line":55,"column":39}}},"9":{"name":"(anonymous_9)","line":58,"loc":{"start":{"line":58,"column":14},"end":{"line":58,"column":30}}},"10":{"name":"(anonymous_10)","line":62,"loc":{"start":{"line":62,"column":30},"end":{"line":62,"column":42}}},"11":{"name":"(anonymous_11)","line":75,"loc":{"start":{"line":75,"column":20},"end":{"line":75,"column":39}}},"12":{"name":"(anonymous_12)","line":76,"loc":{"start":{"line":76,"column":24},"end":{"line":76,"column":35}}}},"statementMap":{"1":{"start":{"line":1,"column":0},"end":{"line":2,"column":30}},"2":{"start":{"line":4,"column":0},"end":{"line":9,"column":6}},"3":{"start":{"line":11,"column":0},"end":{"line":15,"column":1}},"4":{"start":{"line":12,"column":4},"end":{"line":12,"column":35}},"5":{"start":{"line":17,"column":0},"end":{"line":22,"column":2}},"6":{"start":{"line":18,"column":4},"end":{"line":18,"column":41}},"7":{"start":{"line":20,"column":4},"end":{"line":20,"column":28}},"8":{"start":{"line":21,"column":4},"end":{"line":21,"column":44}},"9":{"start":{"line":24,"column":0},"end":{"line":26,"column":2}},"10":{"start":{"line":25,"column":4},"end":{"line":25,"column":55}},"11":{"start":{"line":25,"column":31},"end":{"line":25,"column":55}},"12":{"start":{"line":28,"column":0},"end":{"line":37,"column":2}},"13":{"start":{"line":29,"column":4},"end":{"line":29,"column":18}},"14":{"start":{"line":30,"column":4},"end":{"line":36,"column":5}},"15":{"start":{"line":31,"column":8},"end":{"line":31,"column":23}},"16":{"start":{"line":32,"column":8},"end":{"line":34,"column":11}},"17":{"start":{"line":33,"column":12},"end":{"line":33,"column":98}},"18":{"start":{"line":35,"column":8},"end":{"line":35,"column":73}},"19":{"start":{"line":39,"column":0},"end":{"line":53,"column":2}},"20":{"start":{"line":40,"column":4},"end":{"line":40,"column":24}},"21":{"start":{"line":42,"column":4},"end":{"line":52,"column":5}},"22":{"start":{"line":43,"column":8},"end":{"line":43,"column":33}},"23":{"start":{"line":45,"column":8},"end":{"line":47,"column":11}},"24":{"start":{"line":46,"column":12},"end":{"line":46,"column":50}},"25":{"start":{"line":49,"column":8},"end":{"line":51,"column":11}},"26":{"start":{"line":50,"column":12},"end":{"line":50,"column":45}},"27":{"start":{"line":55,"column":0},"end":{"line":72,"column":2}},"28":{"start":{"line":56,"column":4},"end":{"line":56,"column":30}},"29":{"start":{"line":58,"column":4},"end":{"line":69,"column":5}},"30":{"start":{"line":59,"column":8},"end":{"line":59,"column":43}},"31":{"start":{"line":60,"column":8},"end":{"line":68,"column":9}},"32":{"start":{"line":61,"column":12},"end":{"line":61,"column":59}},"33":{"start":{"line":62,"column":12},"end":{"line":65,"column":15}},"34":{"start":{"line":63,"column":16},"end":{"line":64,"column":93}},"35":{"start":{"line":63,"column":43},"end":{"line":63,"column":72}},"36":{"start":{"line":64,"column":21},"end":{"line":64,"column":93}},"37":{"start":{"line":67,"column":12},"end":{"line":67,"column":46}},"38":{"start":{"line":70,"column":4},"end":{"line":70,"column":47}},"39":{"start":{"line":71,"column":4},"end":{"line":71,"column":87}},"40":{"start":{"line":74,"column":0},"end":{"line":81,"column":1}},"41":{"start":{"line":75,"column":4},"end":{"line":80,"column":7}},"42":{"start":{"line":76,"column":8},"end":{"line":79,"column":10}},"43":{"start":{"line":77,"column":12},"end":{"line":77,"column":71}},"44":{"start":{"line":78,"column":12},"end":{"line":78,"column":28}}},"branchMap":{"1":{"line":25,"type":"if","locations":[{"start":{"line":25,"column":4},"end":{"line":25,"column":4}},{"start":{"line":25,"column":4},"end":{"line":25,"column":4}}]},"2":{"line":25,"type":"binary-expr","locations":[{"start":{"line":25,"column":8},"end":{"line":25,"column":17}},{"start":{"line":25,"column":21},"end":{"line":25,"column":29}}]},"3":{"line":30,"type":"if","locations":[{"start":{"line":30,"column":4},"end":{"line":30,"column":4}},{"start":{"line":30,"column":4},"end":{"line":30,"column":4}}]},"4":{"line":42,"type":"if","locations":[{"start":{"line":42,"column":4},"end":{"line":42,"column":4}},{"start":{"line":42,"column":4},"end":{"line":42,"column":4}}]},"5":{"line":60,"type":"if","locations":[{"start":{"line":60,"column":8},"end":{"line":60,"column":8}},{"start":{"line":60,"column":8},"end":{"line":60,"column":8}}]},"6":{"line":61,"type":"cond-expr","locations":[{"start":{"line":61,"column":43},"end":{"line":61,"column":48}},{"start":{"line":61,"column":51},"end":{"line":61,"column":58}}]},"7":{"line":63,"type":"if","locations":[{"start":{"line":63,"column":16},"end":{"line":63,"column":16}},{"start":{"line":63,"column":16},"end":{"line":63,"column":16}}]},"8":{"line":74,"type":"if","locations":[{"start":{"line":74,"column":0},"end":{"line":74,"column":0}},{"start":{"line":74,"column":0},"end":{"line":74,"column":0}}]}},"code":["var path = require('path'),","    _ = require('underscore');","","var istanbul,","    collector,","    options = {","        dir: 'coverage',","        reporters: ['lcov', 'json']","    };","","try {","    istanbul = require('istanbul');","} catch (e) {","    // Ignore","}","","exports.setup = function(opts) {","    collector = new istanbul.Collector();","","    _.extend(options, opts);","    options.dir = path.resolve(options.dir);","};","","exports.add = function(coverage) {","    if (collector && coverage) collector.add(coverage);","};","","exports.get = function() {","    var summaries;","    if (collector) {","        summaries = [];","        collector.files().forEach(function(file) {","            summaries.push(istanbul.utils.summarizeFileCoverage(collector.fileCoverageFor(file)));","        });","        return istanbul.utils.mergeSummaryObjects.apply(null, summaries);","    }","};","","exports.report = function() {","    var Report, reports;","","    if (collector) {","        Report = istanbul.Report;","","        reports = options.reporters.map(function (report) {","            return Report.create(report, options);","        });","","        reports.forEach(function(rep) {","            rep.writeReport(collector, true);","        });","    }","};","","exports.instrument = function(options) {","    var matcher, instrumenter;","","    matcher = function (file) {","        var files = options.coverage.files;","        if (files) {","            files = Array.isArray(files) ? files : [files];","            return files.some(function(f) {","                if (typeof f === 'string') return file.indexOf(f) === 0;","                else throw new Error(\"invalid entry in options.coverage.files: \" + typeof f);","            });","        } else {","            return file === options.code.path;","        }","    }","    instrumenter = new istanbul.Instrumenter();","    istanbul.hook.hookRequire(matcher, instrumenter.instrumentSync.bind(instrumenter));","};","","if (!istanbul) {","    _.each(exports, function(fn, name) {","        exports[name] = function() {","            console.error('\\nModule \"istanbul\" is not installed.'.red);","            process.exit(1);","        };","    });","}",""],"l":{"1":1,"4":1,"11":1,"12":1,"17":1,"18":0,"20":0,"21":0,"24":1,"25":0,"28":1,"29":0,"30":0,"31":0,"32":0,"33":0,"35":0,"39":1,"40":0,"42":0,"43":0,"45":0,"46":0,"49":0,"50":0,"55":1,"56":0,"58":0,"59":0,"60":0,"61":0,"62":0,"63":0,"64":0,"67":0,"70":0,"71":0,"74":1,"75":0,"76":0,"77":0,"78":0}},"/home/travis/build/npmtest/node-npmtest-qunit/node_modules/qunit/lib/log.js":{"path":"/home/travis/build/npmtest/node-npmtest-qunit/node_modules/qunit/lib/log.js","s":{"1":1,"2":1,"3":1,"4":1,"5":0,"6":0,"7":0,"8":1,"9":0,"10":0,"11":0,"12":0,"13":0,"14":0,"15":0,"16":0,"17":0,"18":0,"19":0,"20":0,"21":0,"22":0,"23":0,"24":0,"25":0,"26":0,"27":0,"28":0,"29":1,"30":0,"31":1,"32":1,"33":0,"34":0,"35":0,"36":0,"37":0,"38":0,"39":0,"40":0,"41":0,"42":0,"43":0,"44":1,"45":0,"46":0,"47":0,"48":0,"49":0,"50":0,"51":0,"52":0,"53":0,"54":0,"55":0,"56":0,"57":0,"58":0,"59":0,"60":0,"61":0,"62":1,"63":0,"64":0,"65":0,"66":0,"67":0,"68":0,"69":0,"70":0,"71":1,"72":0,"73":0,"74":0,"75":1,"76":0,"77":0,"78":0,"79":0,"80":0,"81":1,"82":0,"83":0,"84":0,"85":0,"86":1,"87":1,"88":0,"89":0,"90":0,"91":0,"92":0,"93":0,"94":0,"95":0,"96":1,"97":0,"98":0,"99":0,"100":0,"101":0,"102":0,"103":0,"104":1,"105":0,"106":0,"107":0,"108":0,"109":0,"110":0,"111":0},"b":{"1":[0,0],"2":[0,0],"3":[0,0],"4":[0,0],"5":[0,0],"6":[0,0],"7":[0,0],"8":[0,0],"9":[0,0],"10":[0,0],"11":[0,0],"12":[0,0],"13":[0,0],"14":[0,0],"15":[0,0],"16":[0,0],"17":[0,0],"18":[0,0]},"f":{"1":0,"2":0,"3":0,"4":0,"5":0,"6":0,"7":0,"8":0,"9":0,"10":0,"11":0,"12":0,"13":0,"14":0,"15":0,"16":0,"17":0,"18":0,"19":0,"20":0,"21":0},"fnMap":{"1":{"name":"(anonymous_1)","line":21,"loc":{"start":{"line":21,"column":14},"end":{"line":21,"column":34}}},"2":{"name":"(anonymous_2)","line":31,"loc":{"start":{"line":31,"column":16},"end":{"line":31,"column":27}}},"3":{"name":"(anonymous_3)","line":40,"loc":{"start":{"line":40,"column":27},"end":{"line":40,"column":42}}},"4":{"name":"(anonymous_4)","line":58,"loc":{"start":{"line":58,"column":27},"end":{"line":58,"column":42}}},"5":{"name":"(anonymous_5)","line":76,"loc":{"start":{"line":76,"column":16},"end":{"line":76,"column":27}}},"6":{"name":"(anonymous_6)","line":87,"loc":{"start":{"line":87,"column":19},"end":{"line":87,"column":30}}},"7":{"name":"(anonymous_7)","line":96,"loc":{"start":{"line":96,"column":28},"end":{"line":96,"column":43}}},"8":{"name":"(anonymous_8)","line":117,"loc":{"start":{"line":117,"column":15},"end":{"line":117,"column":26}}},"9":{"name":"(anonymous_9)","line":120,"loc":{"start":{"line":120,"column":28},"end":{"line":120,"column":43}}},"10":{"name":"(anonymous_10)","line":128,"loc":{"start":{"line":128,"column":23},"end":{"line":128,"column":38}}},"11":{"name":"(anonymous_11)","line":151,"loc":{"start":{"line":151,"column":14},"end":{"line":151,"column":25}}},"12":{"name":"(anonymous_12)","line":159,"loc":{"start":{"line":159,"column":23},"end":{"line":159,"column":38}}},"13":{"name":"truncFile","line":174,"loc":{"start":{"line":174,"column":0},"end":{"line":174,"column":25}}},"14":{"name":"(anonymous_14)","line":181,"loc":{"start":{"line":181,"column":16},"end":{"line":181,"column":27}}},"15":{"name":"(anonymous_15)
[...]
:0,"3357":0,"3361":0,"3362":0,"3363":0,"3365":0,"3368":0,"3369":0,"3372":0,"3375":0,"3376":0,"3377":0,"3378":0,"3381":0,"3382":0,"3383":0,"3384":0,"3387":0,"3390":0,"3391":0,"3393":0,"3394":0,"3396":0,"3397":0,"3404":1,"3405":0,"3406":0,"3407":0,"3408":0,"3410":0,"3413":0,"3416":0,"3419":0,"3422":0,"3425":0,"3426":0,"3429":0,"3430":0,"3433":0,"3434":0,"3435":0,"3436":0,"3440":0,"3441":0,"3443":0,"3448":0,"3449":0,"3451":0,"3462":0,"3465":0,"3468":0,"3469":0,"3470":0,"3471":0,"3474":0,"3475":0,"3477":0,"3478":0,"3479":0,"3481":0,"3484":0,"3487":0,"3488":0,"3498":1,"3499":0,"3503":0,"3504":0,"3505":0,"3506":0,"3508":0,"3509":0,"3511":0,"3512":0,"3514":0,"3515":0,"3518":0,"3528":1,"3529":0,"3532":0,"3533":0,"3538":0,"3539":0,"3540":0,"3541":0,"3542":0,"3543":0,"3544":0,"3545":0,"3547":0,"3549":0,"3551":0,"3560":1,"3561":0,"3564":0,"3565":0,"3570":0,"3571":0,"3572":0,"3573":0,"3574":0,"3575":0,"3576":0,"3577":0,"3579":0,"3581":0,"3583":0,"3598":1,"3599":0,"3601":0,"3604":0,"3607":0,"3610":0,"3613":0,"3614":0,"3615":0,"3616":0,"3619":0,"3622":0,"3623":0,"3625":0,"3628":0,"3632":0,"3636":0,"3637":0,"3640":0,"3641":0,"3642":0,"3643":0,"3644":0,"3647":0,"3648":0,"3651":0,"3654":0,"3655":0,"3658":0,"3672":1,"3673":0,"3675":0,"3676":0,"3677":0,"3678":0,"3680":0,"3694":1,"3695":0,"3698":0,"3699":0,"3700":0,"3701":0,"3702":0,"3703":0,"3704":0,"3705":0,"3706":0,"3707":0,"3708":0,"3709":0,"3712":0,"3713":0,"3715":0,"3720":0,"3723":0,"3724":0,"3725":0,"3726":0,"3727":0,"3728":0,"3729":0,"3733":0,"3737":0,"3738":0,"3739":0,"3740":0,"3741":0,"3743":0,"3744":0,"3745":0,"3746":0,"3748":0,"3749":0,"3762":1,"3763":0,"3766":0,"3767":0,"3768":0,"3769":0,"3771":0,"3774":0,"3777":0,"3781":0,"3782":0,"3783":0,"3784":0,"3785":0,"3786":0,"3787":0,"3788":0,"3790":0,"3791":0,"3792":0,"3794":0,"3795":0,"3796":0,"3800":0,"3803":0,"3804":0,"3805":0,"3806":0,"3807":0,"3809":0,"3811":0,"3812":0,"3813":0,"3814":0,"3815":0,"3817":0,"3819":0,"3821":0,"3834":1,"3835":0,"3838":0,"3839":0,"3840":0,"3841":0,"3842":0,"3843":0,"3844":0,"3848":0,"3849":0,"3850":0,"3852":0,"3853":0,"3854":0,"3858":0,"3862":0,"3863":0,"3864":0,"3865":0,"3866":0,"3869":0,"3870":0,"3874":0,"3875":0,"3876":0,"3877":0,"3879":0,"3881":0,"3882":0,"3883":0,"3884":0,"3886":0,"3887":0,"3890":0,"3891":0,"3894":0,"3895":0,"3896":0,"3897":0,"3900":0,"3901":0,"3904":0,"3911":0,"3912":0,"3913":0,"3914":0,"3916":0,"3918":0,"3919":0,"3920":0,"3921":0,"3923":0,"3924":0,"3927":0,"3928":0,"3931":0,"3932":0,"3933":0,"3934":0,"3935":0,"3936":0,"3939":0,"3940":0,"3943":0,"3952":0,"3966":1,"3967":0,"3968":0,"3969":0,"3970":0,"3971":0,"3974":0,"3975":0,"3977":0,"3984":1,"3985":0,"3986":0,"3987":0,"3988":0,"3990":0,"3993":0,"3996":0,"3997":0,"4000":0,"4001":0,"4002":0,"4003":0,"4005":0,"4006":0,"4007":0,"4008":0,"4009":0,"4010":0,"4013":0,"4014":0,"4016":0,"4021":0,"4024":0,"4027":0,"4030":0,"4033":0,"4034":0,"4037":0,"4038":0,"4039":0,"4040":0,"4041":0,"4042":0,"4045":0,"4049":0,"4050":0,"4059":0,"4060":0,"4061":0,"4062":0,"4063":0,"4064":0,"4065":0,"4066":0,"4067":0,"4070":0,"4071":0,"4072":0,"4073":0,"4076":0,"4080":0,"4082":0,"4083":0,"4084":0,"4085":0,"4086":0,"4089":0,"4091":0,"4103":1,"4104":0,"4107":0,"4108":0,"4111":0,"4112":0,"4116":0,"4117":0,"4118":0,"4119":0,"4121":0,"4124":0,"4125":0,"4131":0,"4132":0,"4133":0,"4134":0,"4135":0,"4136":0,"4137":0,"4139":0,"4140":0,"4141":0,"4142":0,"4158":1,"4159":0,"4160":0,"4161":0,"4165":0,"4175":1,"4176":0,"4177":0,"4182":0,"4183":0,"4186":0,"4187":0,"4188":0,"4189":0,"4190":0,"4192":0,"4193":0,"4195":0,"4196":0,"4198":0,"4199":0,"4200":0,"4203":0,"4206":0,"4207":0,"4208":0,"4222":1,"4223":0,"4224":0,"4225":0,"4226":0,"4227":0,"4228":0,"4230":0,"4239":1,"4240":0,"4241":0,"4242":0,"4243":0,"4244":0,"4245":0,"4246":0,"4248":0,"4249":0,"4251":0,"4252":0,"4253":0,"4254":0,"4256":0,"4257":0,"4258":0,"4259":0,"4263":0,"4264":0,"4267":0,"4268":0,"4269":0,"4270":0,"4272":0,"4273":0,"4275":0,"4276":0,"4280":0,"4281":0,"4282":0,"4283":0,"4284":0,"4289":0,"4290":0,"4291":0,"4292":0,"4294":0,"4296":0,"4297":0,"4300":0,"4301":0,"4303":0,"4305":0,"4306":0,"4307":0,"4308":0,"4309":0,"4312":0,"4313":0,"4319":0,"4320":0,"4323":0,"4324":0,"4326":0,"4327":0,"4330":0,"4333":0,"4334":0,"4335":0,"4336":0,"4337":0,"4340":0,"4341":0,"4342":0,"4343":0,"4346":0,"4350":0,"4351":0,"4355":1,"4356":0,"4357":0,"4358":0,"4359":0,"4360":0,"4362":0,"4366":1}},"/home/travis/build/npmtest/node-npmtest-qunit/node_modules/qunit/lib/generators.js":{"path":"/home/travis/build/npmtest/node-npmtest-qunit/node_modules/qunit/lib/generators.js","s":{"1":1,"2":1,"3":1,"4":1,"5":0,"6":1,"7":1,"8":0},"b":{},"f":{"1":0},"fnMap":{"1":{"name":"(anonymous_1)","line":23,"loc":{"start":{"line":23,"column":24},"end":{"line":23,"column":37}}}},"statementMap":{"1":{"start":{"line":3,"column":0},"end":{"line":3,"column":14}},"2":{"start":{"line":5,"column":0},"end":{"line":10,"column":1}},"3":{"start":{"line":6,"column":2},"end":{"line":6,"column":29}},"4":{"start":{"line":7,"column":2},"end":{"line":7,"column":19}},"5":{"start":{"line":9,"column":2},"end":{"line":9,"column":20}},"6":{"start":{"line":15,"column":0},"end":{"line":15,"column":28}},"7":{"start":{"line":23,"column":0},"end":{"line":25,"column":1}},"8":{"start":{"line":24,"column":4},"end":{"line":24,"column":54}}},"branchMap":{},"code":["'use strict'","","var supported;","","try {","  eval(\"(function *(){})()\");","  supported = true;","} catch(err) {","  supported = false;","}","","/**"," * Is true when generators are supported."," */","exports.support = supported;","","/**"," * Returns true if function is a generator fn."," *"," * @param {Function} fn"," * @return {Boolean}"," */","exports.isGeneratorFn = function(fn) {","    return fn.constructor.name == 'GeneratorFunction';","}",""],"l":{"3":1,"5":1,"6":1,"7":1,"9":0,"15":1,"23":1,"24":0}},"/home/travis/build/npmtest/node-npmtest-qunit/node_modules/qunit/support/json/cycle.js":{"path":"/home/travis/build/npmtest/node-npmtest-qunit/node_modules/qunit/support/json/cycle.js","s":{"1":1,"2":1,"3":0,"4":0,"5":0,"6":0,"7":0,"8":0,"9":0,"10":0,"11":0,"12":0,"13":0,"14":0,"15":0,"16":0,"17":0,"18":0,"19":0,"20":0,"21":0,"22":0,"23":0,"24":1,"25":1,"26":0,"27":0,"28":0,"29":0,"30":0,"31":0,"32":0,"33":0,"34":0,"35":0,"36":0,"37":0,"38":0,"39":0,"40":0,"41":0,"42":0,"43":0,"44":0,"45":0,"46":0},"b":{"1":[1,0],"2":[0,0,0,0],"3":[0,0],"4":[0,0],"5":[0,0],"6":[0,0],"7":[1,0],"8":[0,0],"9":[0,0],"10":[0,0],"11":[0,0],"12":[0,0],"13":[0,0],"14":[0,0],"15":[0,0],"16":[0,0],"17":[0,0],"18":[0,0]},"f":{"1":0,"2":0,"3":0,"4":0},"fnMap":{"1":{"name":"decycle","line":11,"loc":{"start":{"line":11,"column":19},"end":{"line":11,"column":44}}},"2":{"name":"derez","line":33,"loc":{"start":{"line":33,"column":16},"end":{"line":33,"column":44}}},"3":{"name":"retrocycle","line":96,"loc":{"start":{"line":96,"column":22},"end":{"line":96,"column":45}}},"4":{"name":"rez","line":121,"loc":{"start":{"line":121,"column":9},"end":{"line":121,"column":29}}}},"statementMap":{"1":{"start":{"line":10,"column":0},"end":{"line":92,"column":1}},"2":{"start":{"line":11,"column":4},"end":{"line":91,"column":6}},"3":{"start":{"line":30,"column":8},"end":{"line":31,"column":23}},"4":{"start":{"line":33,"column":8},"end":{"line":90,"column":24}},"5":{"start":{"line":37,"column":12},"end":{"line":39,"column":19}},"6":{"start":{"line":41,"column":12},"end":{"line":89,"column":13}},"7":{"start":{"line":46,"column":16},"end":{"line":48,"column":17}},"8":{"start":{"line":47,"column":20},"end":{"line":47,"column":32}},"9":{"start":{"line":54,"column":16},"end":{"line":58,"column":17}},"10":{"start":{"line":55,"column":20},"end":{"line":57,"column":21}},"11":{"start":{"line":56,"column":24},"end":{"line":56,"column":48}},"12":{"start":{"line":62,"column":16},"end":{"line":62,"column":36}},"13":{"start":{"line":63,"column":16},"end":{"line":63,"column":33}},"14":{"start":{"line":67,"column":16},"end":{"line":83,"column":17}},"15":{"start":{"line":68,"column":20},"end":{"line":68,"column":28}},"16":{"start":{"line":69,"column":20},"end":{"line":71,"column":21}},"17":{"start":{"line":70,"column":24},"end":{"line":70,"column":70}},"18":{"start":{"line":76,"column":20},"end":{"line":76,"column":28}},"19":{"start":{"line":77,"column":20},"end":{"line":82,"column":21}},"20":{"start":{"line":78,"column":24},"end":{"line":81,"column":25}},"21":{"start":{"line":79,"column":28},"end":{"line":80,"column":73}},"22":{"start":{"line":84,"column":16},"end":{"line":84,"column":26}},"23":{"start":{"line":88,"column":16},"end":{"line":88,"column":29}},"24":{"start":{"line":95,"column":0},"end":{"line":162,"column":1}},"25":{"start":{"line":96,"column":4},"end":{"line":161,"column":6}},"26":{"start":{"line":118,"column":8},"end":{"line":119,"column":99}},"27":{"start":{"line":121,"column":8},"end":{"line":159,"column":14}},"28":{"start":{"line":128,"column":12},"end":{"line":128,"column":36}},"29":{"start":{"line":130,"column":12},"end":{"line":158,"column":13}},"30":{"start":{"line":131,"column":16},"end":{"line":157,"column":17}},"31":{"start":{"line":132,"column":20},"end":{"line":142,"column":21}},"32":{"start":{"line":133,"column":24},"end":{"line":133,"column":40}},"33":{"start":{"line":134,"column":24},"end":{"line":141,"column":25}},"34":{"start":{"line":135,"column":28},"end":{"line":135,"column":45}},"35":{"start":{"line":136,"column":28},"end":{"line":140,"column":29}},"36":{"start":{"line":137,"column":32},"end":{"line":137,"column":54}},"37":{"start":{"line":139,"column":32},"end":{"line":139,"column":42}},"38":{"start":{"line":144,"column":20},"end":{"line":156,"column":21}},"39":{"start":{"line":145,"column":24},"end":{"line":155,"column":25}},"40":{"start":{"line":146,"column":28},"end":{"line":146,"column":47}},"41":{"start":{"line":147,"column":28},"end":{"line":154,"column":29}},"42":{"start":{"line":148,"column":32},"end":{"line":148,"column":49}},"43":{"start":{"line":149,"column":32},"end":{"line":153,"column":33}},"44":{"start":{"line":150,"column":36},"end":{"line":150,"column":61}},"45":{"start":{"line":152,"column":36},"end":{"line":152,"column":46}},"46":{"start":{"line":160,"column":8},"end":{"line":160,"column":17}}},"branchMap":{"1":{"line":10,"type":"if","locations":[{"start":{"line":10,"column":0},"end":{"line":10,"column":0}},{"start":{"line":10,"column":0},"end":{"line":10,"column":0}}]},"2":{"line":41,"type":"switch","locations":[{"start":{"line":42,"column":12},"end":{"line":84,"column":26}},{"start":{"line":85,"column":12},"end":{"line":85,"column":26}},{"start":{"line":86,"column":12},"end":{"line":86,"column":26}},{"start":{"line":87,"column":12},"end":{"line":88,"column":29}}]},"3":{"line":46,"type":"if","locations":[{"start":{"line":46,"column":16},"end":{"line":46,"column":16}},{"start":{"line":46,"column":16},"end":{"line":46,"column":16}}]},"4":{"line":55,"type":"if","locations":[{"start":{"line":55,"column":20},"end":{"line":55,"column":20}},{"start":{"line":55,"column":20},"end":{"line":55,"column":20}}]},"5":{"line":67,"type":"if","locations":[{"start":{"line":67,"column":16},"end":{"line":67,"column":16}},{"start":{"line":67,"column":16},"end":{"line":67,"column":16}}]},"6":{"line":78,"type":"if","locations":[{"start":{"line":78,"column":24},"end":{"line":78,"column":24}},{"start":{"line":78,"column":24},"end":{"line":78,"column":24}}]},"7":{"line":95,"type":"if","locations":[{"start":{"line":95,"column":0},"end":{"line":95,"column":0}},{"start":{"line":95,"column":0},"end":{"line":95,"column":0}}]},"8":{"line":130,"type":"if","locations":[{"start":{"line":130,"column":12},"end":{"line":130,"column":12}},{"start":{"line":130,"column":12},"end":{"line":130,"column":12}}]},"9":{"line":130,"type":"binary-expr","locations":[{"start":{"line":130,"column":16},"end":{"line":130,"column":21}},{"start":{"line":130,"column":25},"end":{"line":130,"column":50}}]},"10":{"line":131,"type":"if","locations":[{"start":{"line":131,"column":16},"end":{"line":131,"column":16}},{"start":{"line":131,"column":16},"end":{"line":131,"column":16}}]},"11":{"line":134,"type":"if","locations":[{"start":{"line":134,"column":24},"end":{"line":134,"column":24}},{"start":{"line":134,"column":24},"end":{"line":134,"column":24}}]},"12":{"line":134,"type":"binary-expr","locations":[{"start":{"line":134,"column":28},"end":{"line":134,"column":32}},{"start":{"line":134,"column":36},"end":{"line":134,"column":60}}]},"13":{"line":136,"type":"if","locations":[{"start":{"line":136,"column":28},"end":{"line":136,"column":28}},{"start":{"line":136,"column":28},"end":{"line":136,"column":28}}]},"14":{"line":136,"type":"binary-expr","locations":[{"start":{"line":136,"column":32},"end":{"line":136,"column":56}},{"start":{"line":136,"column":60},"end":{"line":136,"column":73}}]},"15":{"line":145,"type":"if","locations":[{"start":{"line":145,"column":24},"end":{"line":145,"column":24}},{"start":{"line":145,"column":24},"end":{"line":145,"column":24}}]},"16":{"line":147,"type":"if","locations":[{"start":{"line":147,"column":28},"end":{"line":147,"column":28}},{"start":{"line":147,"column":28},"end":{"line":147,"column":28}}]},"17":{"line":149,"type":"if","locations":[{"start":{"line":149,"column":32},"end":{"line":149,"column":32}},{"start":{"line":149,"column":32},"end":{"line":149,"column":32}}]},"18":{"line":149,"type":"binary-expr","locations":[{"start":{"line":149,"column":36},"end":{"line":149,"column":60}},{"start":{"line":149,"column":64},"end":{"line":149,"column":77}}]}},"code":["// cycle.js","// 2011-08-24","","/*jslint evil: true, regexp: true */","","/*members $ref, apply, call, decycle, hasOwnProperty, length, prototype, push,","    retrocycle, stringify, test, toString","*/","","if (typeof JSON.decycle !== 'function') {","    JSON.decycle = function decycle(object) {","        'use strict';","","// Make a deep copy of an object or array, assuring that there is at most","// one instance of each object or array in the resulting structure. The","// duplicate references (which might be forming cycles) are replaced with","// an object of the form","//      {$ref: PATH}","// where the PATH is a JSONPath string that locates the first occurance.","// So,","//      var a = [];","//      a[0] = a;","//      return JSON.stringify(JSON.decycle(a));","// produces the string '[{\"$ref\":\"$\"}]'.","","// JSONPath is used to locate the unique object. $ indicates the top level of","// the object or array. [NUMBER] or [STRING] indicates a child member or","// property.","","        var objects = [],   // Keep a reference to each unique object or array","            paths = [];     // Keep the path to each unique object or array","","        return (function derez(value, path) {","","// The derez recurses through the object, producing the deep copy.","","            var i,          // The loop counter","                name,       // Property name","                nu;         // The new object or array","","            switch (typeof value) {","            case 'object':","","// typeof null === 'object', so get out if this value is not really an object.","","                if (!value) {","                    return null;","                }","","// If the value is an object or array, look to see if we have already","// encountered it. If so, return a $ref/path object. This is a hard way,","// linear search that will get slower as the number of unique objects grows.","","                for (i = 0; i < objects.length; i += 1) {","                    if (objects[i] === value) {","                        return {$ref: paths[i]};","                    }","                }","","// Otherwise, accumulate the unique value and its path.","","                objects.push(value);","                paths.push(path);","","// If it is an array, replicate the array.","","                if (Object.prototype.toString.apply(value) === '[object Array]') {","                    nu = [];","                    for (i = 0; i < value.length; i += 1) {","                        nu[i] = derez(value[i], path + '[' + i + ']');","                    }","                } else {","","// If it is an object, replicate the object.","","                    nu = {};","                    for (name in value) {","                        if (Object.prototype.hasOwnProperty.call(value, name)) {","                            nu[name] = derez(value[name],","                                path + '[' + JSON.stringify(name) + ']');","                        }","                    }","                }","                return nu;","            case 'number':","            case 'string':","            case 'boolean':","                return value;","            }","        }(object, '$'));","    };","}","","","if (typeof JSON.retrocycle !== 'function') {","    JSON.retrocycle = function retrocycle($) {","        'use strict';","","// Restore an object that was reduced by decycle. Members whose values are","// objects of the form","//      {$ref: PATH}","// are replaced with references to the value found by the PATH. This will","// restore cycles. The object will be mutated.","","// The eval function is used to locate the values described by a PATH. The","// root object is kept in a $ variable. A regular expression is used to","// assure that the PATH is extremely well formed. The regexp contains nested","// * quantifiers. That has been known to have extremely bad performance","// problems on some browsers for very long strings. A PATH is expected to be","// reasonably short. A PATH is allowed to belong to a very restricted subset of","// Goessner's JSONPath.","","// So,","//      var s = '[{\"$ref\":\"$\"}]';","//      return JSON.retrocycle(JSON.parse(s));","// produces an array containing a single element which is the array itself.","","        var px =","            /^\\$(?:\\[(?:\\d+|\\\"(?:[^\\\\\\\"\\u0000-\\u001f]|\\\\([\\\\\\\"\\/bfnrt]|u[0-9a-zA-Z]{4}))*\\\")\\])*$/;","","        (function rez(value) {","","// The rez function walks recursively through the object looking for $ref","// properties. When it finds one that has a value that is a path, then it","// replaces the $ref object with a reference to the value that is found by","// the path.","","            var i, item, name, path;","","            if (value && typeof value === 'object') {","                if (Object.prototype.toString.apply(value) === '[object Array]') {","                    for (i = 0; i < value.length; i += 1) {","                        item = value[i];","                        if (item && typeof item === 'object') {","                            path = item.$ref;","                            if (typeof path === 'string' && px.test(path)) {","                                value[i] = eval(path);","                            } else {","                                rez(item);","                            }","                        }","                    }","                } else {","                    for (name in value) {","                        if (typeof value[name] === 'object') {","                            item = value[name];","                            if (item) {","                                path = item.$ref;","                                if (typeof path === 'string' && px.test(path)) {","                                    value[name] = eval(path);","                                } else {","                                    rez(item);","                                }","                            }","                        }","                    }","                }","            }","        }($));","        return $;","    };","}"],"l":{"10":1,"11":1,"30":0,"33":0,"37":0,"41":0,"46":0,"47":0,"54":0,"55":0,"56":0,"62":0,"63":0,"67":0,"68":0,"69":0,"70":0,"76":0,"77":0,"78":0,"79":0,"84":0,"88":0,"95":1,"96":1,"118":0,"121":0,"128":0,"130":0,"131":0,"132":0,"133":0,"134":0,"135":0,"136":0,"137":0,"139":0,"144":0,"145":0,"146":0,"147":0,"148":0,"149":0,"150":0,"152":0,"160":0}}}